2020-01-16 14:57:03.9425 [DEBUG] Validating model...
2020-01-16 14:57:04.1350 [DEBUG] Connection failed. (117209:SceneFusion:SceneFusion)
2020-01-16 14:57:04.1410 [WARNING] Connection failed: RESET, retrying...
2020-01-16 14:57:04.1410 [DEBUG] Connection failed. (117209:SceneFusion:SceneFusion)
2020-01-16 14:57:04.1410 [WARNING] Connection failed: UNKNOWN_ERROR, retrying...
2020-01-16 14:57:06.1308 [DEBUG] Connecting to room (117209:SceneFusion:SceneFusion) via TCP at roommanager-ec2-35-164-71-216.kinematicsoup.com:443
2020-01-16 14:57:06.2186 [DEBUG] Validating model...
2020-01-16 14:57:06.4176 [DEBUG] Connection failed. (117209:SceneFusion:SceneFusion)
2020-01-16 14:57:06.4206 [WARNING] Connection failed: RESET, retrying...
2020-01-16 14:57:06.4216 [WARNING] Connection failed: RESET, retrying...
2020-01-16 14:57:06.4216 [DEBUG] Connection failed. (117209:SceneFusion:SceneFusion)
2020-01-16 14:57:06.4226 [WARNING] Connection failed: UNKNOWN_ERROR, retrying...
2020-01-16 14:57:06.4226 [WARNING] Connection failed: UNKNOWN_ERROR, retrying...
2020-01-16 14:57:08.4072 [DEBUG] Connecting to room (117209:SceneFusion:SceneFusion) via TCP at roommanager-ec2-35-164-71-216.kinematicsoup.com:80
2020-01-16 14:57:08.4900 [DEBUG] Validating model...
2020-01-16 14:57:08.6770 [DEBUG] Connection failed. (117209:SceneFusion:SceneFusion)
2020-01-16 14:57:08.6770 [WARNING] Connection failed: RESET, retrying...
2020-01-16 14:57:08.6770 [WARNING] Connection failed: RESET, retrying...
2020-01-16 14:57:08.6870 [WARNING] Connection failed: RESET, retrying...
2020-01-16 14:57:08.6870 [DEBUG] Connection failed. (117209:SceneFusion:SceneFusion)
2020-01-16 14:57:08.6870 [WARNING] Connection failed: UNKNOWN_ERROR, retrying...
2020-01-16 14:57:08.6870 [WARNING] Connection failed: UNKNOWN_ERROR, retrying...
2020-01-16 14:57:08.6870 [WARNING] Connection failed: UNKNOWN_ERROR, retrying...
2020-01-16 14:57:10.6674 [DEBUG] Connecting to room (117209:SceneFusion:SceneFusion) via TCP at roommanager-ec2-35-164-71-216.kinematicsoup.com:2675
2020-01-16 14:57:31.6796 [DEBUG] Connection attempt timed out. (117209:SceneFusion:SceneFusion)
2020-01-16 14:57:31.6855 [ERROR] Connection failed: TIMEOUT
