2020-01-21 21:54:21.0684 [DEBUG] Validating model...
2020-01-21 21:54:21.3586 [DEBUG] Model updated
2020-01-21 21:54:21.3596 [DEBUG] Authenticating with server...
2020-01-21 21:54:25.7789 [DEBUG] Connected to room. (117663:SceneFusion:SceneFusion)
2020-01-21 21:54:25.8009 [INFO] Connected to server.
2020-01-21 21:54:25.8018 [DEBUG] OS : Microsoft Windows NT 10.0.17763.0
2020-01-21 21:54:25.8018 [DEBUG] Unity Version : 2019.2.5f1
2020-01-21 21:54:25.8018 [DEBUG] Pro License : False
2020-01-21 21:54:25.8018 [DEBUG] Platform : WindowsEditor
2020-01-21 21:54:25.8018 [DEBUG] Build Target : StandaloneWindows64
2020-01-21 21:54:25.8028 [DEBUG] Scene Fusion version : 1.8.5
2020-01-21 21:54:25.8028 [DEBUG] Scene Fusion client build : 1
2020-01-21 21:54:25.8028 [DEBUG] User : jakob.anderson@uoit.net
2020-01-21 21:54:25.8028 [DEBUG] Waiting for server response
2020-01-21 21:54:25.9375 [DEBUG] Tier: Free, Permissions: 00000200
2020-01-21 21:54:25.9375 [DEBUG] User Permissions: FFFFFFFF
2020-01-21 21:54:27.0892 [DEBUG] No stand-in for UnityEngine.LocalizationAsset
2020-01-21 21:54:27.0892 [DEBUG] No stand-in for UnityEngine.ProceduralMaterial
2020-01-21 21:54:27.0892 [DEBUG] No stand-in for UnityEngine.ProceduralTexture
2020-01-21 21:54:27.0892 [DEBUG] No stand-in for UnityEngine.TerrainLayer
2020-01-21 21:54:27.0892 [DEBUG] No stand-in for UnityEngine.Experimental.VFX.VisualEffectAsset
2020-01-21 21:54:27.0902 [DEBUG] No stand-in for UnityEngine.Experimental.Rendering.HDPipeline.AxF
2020-01-21 21:54:27.0902 [DEBUG] No stand-in for UnityEngine.Experimental.Rendering.HDPipeline.Fabric
2020-01-21 21:54:27.0902 [DEBUG] No stand-in for UnityEngine.Experimental.Rendering.HDPipeline.Hair
2020-01-21 21:54:27.0902 [DEBUG] No stand-in for UnityEngine.Experimental.Rendering.HDPipeline.Lit
2020-01-21 21:54:27.0902 [DEBUG] No stand-in for UnityEngine.Experimental.Rendering.HDPipeline.RenderPipelineMaterial
2020-01-21 21:54:27.0902 [DEBUG] No stand-in for UnityEngine.Experimental.Rendering.HDPipeline.StackLit
2020-01-21 21:54:27.0902 [DEBUG] No stand-in for UnityEngine.Experimental.Rendering.HDPipeline.Unlit
2020-01-21 21:54:27.4761 [WARNING] Cannot sync 'Skybox/Cubemap' (Material) because it is not in Unity's asset database.
2020-01-21 21:54:35.2424 [DEBUG] Uploading scene 'Untitled'
2020-01-21 21:54:35.3052 [DEBUG] Spawn request. (Objects: 4)
2020-01-21 21:54:35.6103 [DEBUG] Loading complete
2020-01-21 21:55:35.9678 [DEBUG] Disconnecting from room (117663:SceneFusion:SceneFusion)
2020-01-21 21:55:35.9708 [INFO] Disconnected from server.
2020-01-21 21:55:35.9708 [DEBUG] Disconnect. (Duration: -243)
