2020-01-16 14:58:55.4355 [DEBUG] Validating model...
2020-01-16 14:58:55.6181 [DEBUG] Connection failed. (117210:SceneFusion:SceneFusion)
2020-01-16 14:58:55.6223 [WARNING] Connection failed: RESET, retrying...
2020-01-16 14:58:55.6223 [DEBUG] Connection failed. (117210:SceneFusion:SceneFusion)
2020-01-16 14:58:55.6223 [WARNING] Connection failed: UNKNOWN_ERROR, retrying...
2020-01-16 14:58:57.6214 [DEBUG] Connecting to room (117210:SceneFusion:SceneFusion) via TCP at roommanager-ec2-35-164-71-216.kinematicsoup.com:443
2020-01-16 14:58:57.7042 [DEBUG] Validating model...
2020-01-16 14:58:57.8969 [DEBUG] Connection failed. (117210:SceneFusion:SceneFusion)
2020-01-16 14:58:57.8989 [WARNING] Connection failed: RESET, retrying...
2020-01-16 14:58:57.8989 [WARNING] Connection failed: RESET, retrying...
2020-01-16 14:58:57.8989 [DEBUG] Connection failed. (117210:SceneFusion:SceneFusion)
2020-01-16 14:58:57.8999 [WARNING] Connection failed: UNKNOWN_ERROR, retrying...
2020-01-16 14:58:57.9009 [WARNING] Connection failed: UNKNOWN_ERROR, retrying...
2020-01-16 14:58:59.8925 [DEBUG] Connecting to room (117210:SceneFusion:SceneFusion) via TCP at roommanager-ec2-35-164-71-216.kinematicsoup.com:80
2020-01-16 14:58:59.9783 [DEBUG] Validating model...
2020-01-16 14:59:00.1668 [DEBUG] Connection failed. (117210:SceneFusion:SceneFusion)
2020-01-16 14:59:00.1727 [WARNING] Connection failed: RESET, retrying...
2020-01-16 14:59:00.1737 [WARNING] Connection failed: RESET, retrying...
2020-01-16 14:59:00.1747 [WARNING] Connection failed: RESET, retrying...
2020-01-16 14:59:00.1747 [DEBUG] Connection failed. (117210:SceneFusion:SceneFusion)
2020-01-16 14:59:00.1747 [WARNING] Connection failed: UNKNOWN_ERROR, retrying...
2020-01-16 14:59:00.1757 [WARNING] Connection failed: UNKNOWN_ERROR, retrying...
2020-01-16 14:59:00.1767 [WARNING] Connection failed: UNKNOWN_ERROR, retrying...
2020-01-16 14:59:02.1574 [DEBUG] Connecting to room (117210:SceneFusion:SceneFusion) via TCP at roommanager-ec2-35-164-71-216.kinematicsoup.com:1709
2020-01-16 14:59:23.1773 [DEBUG] Connection attempt timed out. (117210:SceneFusion:SceneFusion)
2020-01-16 14:59:23.1833 [ERROR] Connection failed: TIMEOUT
