2020-01-16 15:03:16.6029 [DEBUG] Validating model...
2020-01-16 15:03:16.7979 [DEBUG] Connection failed. (117212:SceneFusion:SceneFusion)
2020-01-16 15:03:16.8029 [WARNING] Connection failed: RESET, retrying...
2020-01-16 15:03:16.8029 [DEBUG] Connection failed. (117212:SceneFusion:SceneFusion)
2020-01-16 15:03:16.8029 [WARNING] Connection failed: UNKNOWN_ERROR, retrying...
2020-01-16 15:03:18.7974 [DEBUG] Connecting to room (117212:SceneFusion:SceneFusion) via TCP at roommanager-ec2-35-164-71-216.kinematicsoup.com:443
2020-01-16 15:03:18.9011 [DEBUG] Validating model...
2020-01-16 15:03:19.0992 [DEBUG] Connection failed. (117212:SceneFusion:SceneFusion)
2020-01-16 15:03:19.1012 [WARNING] Connection failed: RESET, retrying...
2020-01-16 15:03:19.1022 [WARNING] Connection failed: RESET, retrying...
2020-01-16 15:03:19.1022 [DEBUG] Connection failed. (117212:SceneFusion:SceneFusion)
2020-01-16 15:03:19.1022 [WARNING] Connection failed: UNKNOWN_ERROR, retrying...
2020-01-16 15:03:19.1032 [WARNING] Connection failed: UNKNOWN_ERROR, retrying...
2020-01-16 15:03:21.1048 [DEBUG] Connecting to room (117212:SceneFusion:SceneFusion) via TCP at roommanager-ec2-35-164-71-216.kinematicsoup.com:80
2020-01-16 15:03:21.2110 [DEBUG] Validating model...
2020-01-16 15:03:21.4140 [DEBUG] Connection failed. (117212:SceneFusion:SceneFusion)
2020-01-16 15:03:21.4171 [WARNING] Connection failed: RESET, retrying...
2020-01-16 15:03:21.4171 [WARNING] Connection failed: RESET, retrying...
2020-01-16 15:03:21.4180 [WARNING] Connection failed: RESET, retrying...
2020-01-16 15:03:21.4180 [DEBUG] Connection failed. (117212:SceneFusion:SceneFusion)
2020-01-16 15:03:21.4190 [WARNING] Connection failed: UNKNOWN_ERROR, retrying...
2020-01-16 15:03:21.4190 [WARNING] Connection failed: UNKNOWN_ERROR, retrying...
2020-01-16 15:03:21.4200 [WARNING] Connection failed: UNKNOWN_ERROR, retrying...
2020-01-16 15:03:23.4115 [DEBUG] Connecting to room (117212:SceneFusion:SceneFusion) via TCP at roommanager-ec2-35-164-71-216.kinematicsoup.com:2311
2020-01-16 15:03:44.4145 [DEBUG] Connection attempt timed out. (117212:SceneFusion:SceneFusion)
2020-01-16 15:03:44.4185 [ERROR] Connection failed: TIMEOUT
