2020-01-16 15:07:59.2552 [DEBUG] Validating model...
2020-01-16 15:07:59.4431 [DEBUG] Connection failed. (117214:SceneFusion:SceneFusion)
2020-01-16 15:07:59.4491 [WARNING] Connection failed: RESET, retrying...
2020-01-16 15:07:59.4491 [DEBUG] Connection failed. (117214:SceneFusion:SceneFusion)
2020-01-16 15:07:59.4501 [WARNING] Connection failed: UNKNOWN_ERROR, retrying...
2020-01-16 15:08:01.4276 [DEBUG] Connecting to room (117214:SceneFusion:SceneFusion) via TCP at roommanager-ec2-35-164-71-216.kinematicsoup.com:443
2020-01-16 15:08:01.5123 [DEBUG] Validating model...
2020-01-16 15:08:01.6978 [DEBUG] Connection failed. (117214:SceneFusion:SceneFusion)
2020-01-16 15:08:01.7018 [WARNING] Connection failed: RESET, retrying...
2020-01-16 15:08:01.7029 [WARNING] Connection failed: RESET, retrying...
2020-01-16 15:08:01.7029 [DEBUG] Connection failed. (117214:SceneFusion:SceneFusion)
2020-01-16 15:08:01.7029 [WARNING] Connection failed: UNKNOWN_ERROR, retrying...
2020-01-16 15:08:01.7039 [WARNING] Connection failed: UNKNOWN_ERROR, retrying...
2020-01-16 15:08:03.6883 [DEBUG] Connecting to room (117214:SceneFusion:SceneFusion) via TCP at roommanager-ec2-35-164-71-216.kinematicsoup.com:80
2020-01-16 15:08:03.7740 [DEBUG] Validating model...
2020-01-16 15:08:03.9582 [DEBUG] Connection failed. (117214:SceneFusion:SceneFusion)
2020-01-16 15:08:03.9671 [WARNING] Connection failed: RESET, retrying...
2020-01-16 15:08:03.9681 [WARNING] Connection failed: RESET, retrying...
2020-01-16 15:08:03.9691 [WARNING] Connection failed: RESET, retrying...
2020-01-16 15:08:03.9691 [DEBUG] Connection failed. (117214:SceneFusion:SceneFusion)
2020-01-16 15:08:03.9691 [WARNING] Connection failed: UNKNOWN_ERROR, retrying...
2020-01-16 15:08:03.9701 [WARNING] Connection failed: UNKNOWN_ERROR, retrying...
2020-01-16 15:08:03.9701 [WARNING] Connection failed: UNKNOWN_ERROR, retrying...
2020-01-16 15:08:05.9594 [DEBUG] Connecting to room (117214:SceneFusion:SceneFusion) via TCP at roommanager-ec2-35-164-71-216.kinematicsoup.com:1987
2020-01-16 15:08:26.9621 [DEBUG] Connection attempt timed out. (117214:SceneFusion:SceneFusion)
2020-01-16 15:08:26.9641 [ERROR] Connection failed: TIMEOUT
