2020-01-16 15:00:48.6410 [DEBUG] Validating model...
2020-01-16 15:00:48.8328 [DEBUG] Connection failed. (117211:SceneFusion:SceneFusion)
2020-01-16 15:00:48.8377 [WARNING] Connection failed: RESET, retrying...
2020-01-16 15:00:48.8377 [DEBUG] Connection failed. (117211:SceneFusion:SceneFusion)
2020-01-16 15:00:48.8387 [WARNING] Connection failed: UNKNOWN_ERROR, retrying...
2020-01-16 15:00:50.8297 [DEBUG] Connecting to room (117211:SceneFusion:SceneFusion) via TCP at roommanager-ec2-35-164-71-216.kinematicsoup.com:443
2020-01-16 15:00:50.9145 [DEBUG] Validating model...
2020-01-16 15:00:51.1000 [DEBUG] Connection failed. (117211:SceneFusion:SceneFusion)
2020-01-16 15:00:51.1130 [WARNING] Connection failed: RESET, retrying...
2020-01-16 15:00:51.1139 [WARNING] Connection failed: RESET, retrying...
2020-01-16 15:00:51.1139 [DEBUG] Connection failed. (117211:SceneFusion:SceneFusion)
2020-01-16 15:00:51.1150 [WARNING] Connection failed: UNKNOWN_ERROR, retrying...
2020-01-16 15:00:51.1150 [WARNING] Connection failed: UNKNOWN_ERROR, retrying...
2020-01-16 15:00:53.1041 [DEBUG] Connecting to room (117211:SceneFusion:SceneFusion) via TCP at roommanager-ec2-35-164-71-216.kinematicsoup.com:80
2020-01-16 15:00:53.1928 [DEBUG] Validating model...
2020-01-16 15:00:53.3794 [DEBUG] Connection failed. (117211:SceneFusion:SceneFusion)
2020-01-16 15:00:53.3863 [WARNING] Connection failed: RESET, retrying...
2020-01-16 15:00:53.3874 [WARNING] Connection failed: RESET, retrying...
2020-01-16 15:00:53.3874 [WARNING] Connection failed: RESET, retrying...
2020-01-16 15:00:53.3874 [DEBUG] Connection failed. (117211:SceneFusion:SceneFusion)
2020-01-16 15:00:53.3883 [WARNING] Connection failed: UNKNOWN_ERROR, retrying...
2020-01-16 15:00:53.3894 [WARNING] Connection failed: UNKNOWN_ERROR, retrying...
2020-01-16 15:00:53.3894 [WARNING] Connection failed: UNKNOWN_ERROR, retrying...
2020-01-16 15:00:55.3768 [DEBUG] Connecting to room (117211:SceneFusion:SceneFusion) via TCP at roommanager-ec2-35-164-71-216.kinematicsoup.com:1448
2020-01-16 15:01:16.3801 [DEBUG] Connection attempt timed out. (117211:SceneFusion:SceneFusion)
2020-01-16 15:01:16.4298 [ERROR] Connection failed: TIMEOUT
