2020-01-16 14:55:43.7631 [DEBUG] Validating model...
2020-01-16 14:55:43.9529 [DEBUG] Connection failed. (117208:SceneFusion:SceneFusion)
2020-01-16 14:55:43.9559 [WARNING] Connection failed: RESET, retrying...
2020-01-16 14:55:43.9559 [DEBUG] Connection failed. (117208:SceneFusion:SceneFusion)
2020-01-16 14:55:43.9559 [WARNING] Connection failed: UNKNOWN_ERROR, retrying...
2020-01-16 14:55:45.9487 [DEBUG] Connecting to room (117208:SceneFusion:SceneFusion) via TCP at roommanager-ec2-35-164-71-216.kinematicsoup.com:443
2020-01-16 14:55:46.0340 [DEBUG] Validating model...
2020-01-16 14:55:46.2319 [DEBUG] Connection failed. (117208:SceneFusion:SceneFusion)
2020-01-16 14:55:46.2369 [WARNING] Connection failed: RESET, retrying...
2020-01-16 14:55:46.2369 [WARNING] Connection failed: RESET, retrying...
2020-01-16 14:55:46.2369 [DEBUG] Connection failed. (117208:SceneFusion:SceneFusion)
2020-01-16 14:55:46.2379 [WARNING] Connection failed: UNKNOWN_ERROR, retrying...
2020-01-16 14:55:46.2389 [WARNING] Connection failed: UNKNOWN_ERROR, retrying...
2020-01-16 14:55:48.2202 [DEBUG] Connecting to room (117208:SceneFusion:SceneFusion) via TCP at roommanager-ec2-35-164-71-216.kinematicsoup.com:80
2020-01-16 14:55:48.3070 [DEBUG] Validating model...
2020-01-16 14:55:48.4912 [DEBUG] Connection failed. (117208:SceneFusion:SceneFusion)
2020-01-16 14:55:48.4943 [WARNING] Connection failed: RESET, retrying...
2020-01-16 14:55:48.4953 [WARNING] Connection failed: RESET, retrying...
2020-01-16 14:55:48.4953 [WARNING] Connection failed: RESET, retrying...
2020-01-16 14:55:48.4953 [DEBUG] Connection failed. (117208:SceneFusion:SceneFusion)
2020-01-16 14:55:48.4963 [WARNING] Connection failed: UNKNOWN_ERROR, retrying...
2020-01-16 14:55:48.4972 [WARNING] Connection failed: UNKNOWN_ERROR, retrying...
2020-01-16 14:55:48.4972 [WARNING] Connection failed: UNKNOWN_ERROR, retrying...
2020-01-16 14:55:50.4870 [DEBUG] Connecting to room (117208:SceneFusion:SceneFusion) via TCP at roommanager-ec2-35-164-71-216.kinematicsoup.com:2013
2020-01-16 14:56:11.4976 [DEBUG] Connection attempt timed out. (117208:SceneFusion:SceneFusion)
2020-01-16 14:56:11.5065 [ERROR] Connection failed: TIMEOUT
