2020-01-10 15:53:45.7238 [DEBUG] Validating model...
2020-01-10 15:53:45.8165 [DEBUG] Model updated
2020-01-10 15:53:45.8175 [DEBUG] Authenticating with server...
2020-01-10 15:53:46.2453 [DEBUG] Connected to room. (111804:SceneFusion:SceneFusion)
2020-01-10 15:53:46.2482 [INFO] Connected to server.
2020-01-10 15:53:46.2482 [DEBUG] OS : Microsoft Windows NT 10.0.17763.0
2020-01-10 15:53:46.2482 [DEBUG] Unity Version : 2019.2.5f1
2020-01-10 15:53:46.2482 [DEBUG] Pro License : False
2020-01-10 15:53:46.2492 [DEBUG] Platform : WindowsEditor
2020-01-10 15:53:46.2492 [DEBUG] Build Target : StandaloneWindows64
2020-01-10 15:53:46.2492 [DEBUG] Scene Fusion version : 1.8.5
2020-01-10 15:53:46.2492 [DEBUG] Scene Fusion client build : 1
2020-01-10 15:53:46.2492 [DEBUG] User : john.wang@ontariotechu.net
2020-01-10 15:53:46.2492 [DEBUG] Waiting for server response
2020-01-10 15:53:46.3753 [DEBUG] Tier: Free, Permissions: 00000200
2020-01-10 15:53:46.3753 [DEBUG] User Permissions: FFFFFFFF
2020-01-10 15:53:46.6475 [DEBUG] No stand-in for UnityEngine.LocalizationAsset
2020-01-10 15:53:46.6475 [DEBUG] No stand-in for UnityEngine.ProceduralMaterial
2020-01-10 15:53:46.6485 [DEBUG] No stand-in for UnityEngine.ProceduralTexture
2020-01-10 15:53:46.6485 [DEBUG] No stand-in for UnityEngine.TerrainLayer
2020-01-10 15:53:46.6485 [DEBUG] No stand-in for UnityEngine.Experimental.VFX.VisualEffectAsset
2020-01-10 15:53:46.9348 [DEBUG] Uploading scene 'SampleScene'
2020-01-10 15:53:47.0176 [DEBUG] Compressing scene data
2020-01-10 15:53:47.0744 [DEBUG] Spawn request. (Objects: 55)
2020-01-10 15:53:47.2251 [DEBUG] Loading complete
