2020-01-16 13:18:36.4888 [DEBUG] Validating model...
2020-01-16 13:18:36.6813 [DEBUG] Connection failed. (117029:SceneFusion:SceneFusion)
2020-01-16 13:18:36.6852 [WARNING] Connection failed: RESET, retrying...
2020-01-16 13:18:36.6852 [DEBUG] Connection failed. (117029:SceneFusion:SceneFusion)
2020-01-16 13:18:36.6862 [WARNING] Connection failed: UNKNOWN_ERROR, retrying...
2020-01-16 13:18:38.7718 [DEBUG] Connecting to room (117029:SceneFusion:SceneFusion) via TCP at roommanager-ec2-35-164-71-216.kinematicsoup.com:443
2020-01-16 13:18:38.8594 [DEBUG] Validating model...
2020-01-16 13:18:39.0461 [DEBUG] Connection failed. (117029:SceneFusion:SceneFusion)
2020-01-16 13:18:39.0919 [WARNING] Connection failed: RESET, retrying...
2020-01-16 13:18:39.0929 [WARNING] Connection failed: RESET, retrying...
2020-01-16 13:18:39.0929 [DEBUG] Connection failed. (117029:SceneFusion:SceneFusion)
2020-01-16 13:18:39.0949 [WARNING] Connection failed: UNKNOWN_ERROR, retrying...
2020-01-16 13:18:39.0959 [WARNING] Connection failed: UNKNOWN_ERROR, retrying...
2020-01-16 13:18:41.0673 [DEBUG] Connecting to room (117029:SceneFusion:SceneFusion) via TCP at roommanager-ec2-35-164-71-216.kinematicsoup.com:80
2020-01-16 13:18:41.1513 [DEBUG] Validating model...
2020-01-16 13:18:41.3369 [DEBUG] Connection failed. (117029:SceneFusion:SceneFusion)
2020-01-16 13:18:41.3792 [WARNING] Connection failed: RESET, retrying...
2020-01-16 13:18:41.3792 [WARNING] Connection failed: RESET, retrying...
2020-01-16 13:18:41.3802 [WARNING] Connection failed: RESET, retrying...
2020-01-16 13:18:41.3802 [DEBUG] Connection failed. (117029:SceneFusion:SceneFusion)
2020-01-16 13:18:41.3812 [WARNING] Connection failed: UNKNOWN_ERROR, retrying...
2020-01-16 13:18:41.3812 [WARNING] Connection failed: UNKNOWN_ERROR, retrying...
2020-01-16 13:18:41.3822 [WARNING] Connection failed: UNKNOWN_ERROR, retrying...
2020-01-16 13:18:43.3587 [DEBUG] Connecting to room (117029:SceneFusion:SceneFusion) via TCP at roommanager-ec2-35-164-71-216.kinematicsoup.com:1681
2020-01-16 13:19:04.3610 [DEBUG] Connection attempt timed out. (117029:SceneFusion:SceneFusion)
2020-01-16 13:19:04.3690 [ERROR] Connection failed: TIMEOUT
