2020-01-16 14:54:40.2088 [DEBUG] Validating model...
2020-01-16 14:54:40.3943 [DEBUG] Connection failed. (117207:SceneFusion:SceneFusion)
2020-01-16 14:54:40.4053 [WARNING] Connection failed: RESET, retrying...
2020-01-16 14:54:40.4063 [DEBUG] Connection failed. (117207:SceneFusion:SceneFusion)
2020-01-16 14:54:40.4063 [WARNING] Connection failed: UNKNOWN_ERROR, retrying...
2020-01-16 14:54:42.4022 [DEBUG] Connecting to room (117207:SceneFusion:SceneFusion) via TCP at roommanager-ec2-35-164-71-216.kinematicsoup.com:443
2020-01-16 14:54:42.4881 [DEBUG] Validating model...
2020-01-16 14:54:42.6726 [DEBUG] Connection failed. (117207:SceneFusion:SceneFusion)
2020-01-16 14:54:42.6826 [WARNING] Connection failed: RESET, retrying...
2020-01-16 14:54:42.6836 [WARNING] Connection failed: RESET, retrying...
2020-01-16 14:54:42.6836 [DEBUG] Connection failed. (117207:SceneFusion:SceneFusion)
2020-01-16 14:54:42.6836 [WARNING] Connection failed: UNKNOWN_ERROR, retrying...
2020-01-16 14:54:42.6846 [WARNING] Connection failed: UNKNOWN_ERROR, retrying...
2020-01-16 14:54:44.6713 [DEBUG] Connecting to room (117207:SceneFusion:SceneFusion) via TCP at roommanager-ec2-35-164-71-216.kinematicsoup.com:80
2020-01-16 14:54:44.7581 [DEBUG] Validating model...
2020-01-16 14:54:44.9446 [DEBUG] Connection failed. (117207:SceneFusion:SceneFusion)
2020-01-16 14:54:44.9505 [WARNING] Connection failed: RESET, retrying...
2020-01-16 14:54:44.9505 [WARNING] Connection failed: RESET, retrying...
2020-01-16 14:54:44.9516 [WARNING] Connection failed: RESET, retrying...
2020-01-16 14:54:44.9516 [DEBUG] Connection failed. (117207:SceneFusion:SceneFusion)
2020-01-16 14:54:44.9526 [WARNING] Connection failed: UNKNOWN_ERROR, retrying...
2020-01-16 14:54:44.9536 [WARNING] Connection failed: UNKNOWN_ERROR, retrying...
2020-01-16 14:54:44.9536 [WARNING] Connection failed: UNKNOWN_ERROR, retrying...
2020-01-16 14:54:46.9419 [DEBUG] Connecting to room (117207:SceneFusion:SceneFusion) via TCP at roommanager-ec2-35-164-71-216.kinematicsoup.com:1502
2020-01-16 14:55:07.9507 [DEBUG] Connection attempt timed out. (117207:SceneFusion:SceneFusion)
2020-01-16 14:55:07.9606 [ERROR] Connection failed: TIMEOUT
