2020-01-21 18:36:15.8384 [DEBUG] Validating model...
2020-01-21 18:36:15.9362 [DEBUG] Model validated
2020-01-21 18:36:15.9362 [DEBUG] Authenticating with server...
2020-01-21 18:36:16.3672 [DEBUG] Connected to room. (117655:SceneFusion:SceneFusion)
2020-01-21 18:36:16.3712 [INFO] Connected to server.
2020-01-21 18:36:16.3721 [DEBUG] OS : Microsoft Windows NT 10.0.17763.0
2020-01-21 18:36:16.3721 [DEBUG] Unity Version : 2019.2.5f1
2020-01-21 18:36:16.3721 [DEBUG] Pro License : False
2020-01-21 18:36:16.3721 [DEBUG] Platform : WindowsEditor
2020-01-21 18:36:16.3731 [DEBUG] Build Target : StandaloneWindows64
2020-01-21 18:36:16.3731 [DEBUG] Scene Fusion version : 1.8.6
2020-01-21 18:36:16.3731 [DEBUG] Scene Fusion client build : 0
2020-01-21 18:36:16.3731 [DEBUG] User : john.wang@ontariotechu.net
2020-01-21 18:36:16.3731 [DEBUG] Waiting for server response
2020-01-21 18:36:16.4320 [DEBUG] Tier: Free, Permissions: 00000200
2020-01-21 18:36:16.4320 [DEBUG] User Permissions: FFFFFFFF
2020-01-21 18:36:17.1761 [DEBUG] No stand-in for UnityEngine.LocalizationAsset
2020-01-21 18:36:17.1771 [DEBUG] No stand-in for UnityEngine.ProceduralMaterial
2020-01-21 18:36:17.1771 [DEBUG] No stand-in for UnityEngine.ProceduralTexture
2020-01-21 18:36:17.1771 [DEBUG] No stand-in for UnityEngine.TerrainLayer
2020-01-21 18:36:17.1771 [DEBUG] No stand-in for UnityEngine.Experimental.VFX.VisualEffectAsset
2020-01-21 18:36:17.1771 [DEBUG] No stand-in for UnityEngine.Experimental.Rendering.HDPipeline.AxF
2020-01-21 18:36:17.1771 [DEBUG] No stand-in for UnityEngine.Experimental.Rendering.HDPipeline.Fabric
2020-01-21 18:36:17.1771 [DEBUG] No stand-in for UnityEngine.Experimental.Rendering.HDPipeline.Hair
2020-01-21 18:36:17.1771 [DEBUG] No stand-in for UnityEngine.Experimental.Rendering.HDPipeline.Lit
2020-01-21 18:36:17.1771 [DEBUG] No stand-in for UnityEngine.Experimental.Rendering.HDPipeline.RenderPipelineMaterial
2020-01-21 18:36:17.1771 [DEBUG] No stand-in for UnityEngine.Experimental.Rendering.HDPipeline.StackLit
2020-01-21 18:36:17.1771 [DEBUG] No stand-in for UnityEngine.Experimental.Rendering.HDPipeline.Unlit
2020-01-21 18:36:17.2180 [WARNING] Cannot sync 'Skybox/Cubemap' (Material) because it is not in Unity's asset database.
2020-01-21 18:36:19.0375 [DEBUG] Uploading scene 'GameScene'
2020-01-21 18:36:19.2774 [DEBUG] Compressing scene data
2020-01-21 18:36:19.3951 [DEBUG] Spawn request. (Objects: 72)
2020-01-21 18:36:19.5553 [DEBUG] Loading complete
2020-01-21 18:36:34.1240 [DEBUG] Disconnecting from room (117655:SceneFusion:SceneFusion)
2020-01-21 18:36:34.1280 [INFO] Disconnected from server.
2020-01-21 18:36:34.1280 [DEBUG] Disconnect. (Duration: 17)
