2020-01-16 15:06:38.3885 [DEBUG] Validating model...
2020-01-16 15:06:38.5880 [DEBUG] Connection failed. (117213:SceneFusion:SceneFusion)
2020-01-16 15:06:38.6019 [WARNING] Connection failed: RESET, retrying...
2020-01-16 15:06:38.6019 [DEBUG] Connection failed. (117213:SceneFusion:SceneFusion)
2020-01-16 15:06:38.6019 [WARNING] Connection failed: UNKNOWN_ERROR, retrying...
2020-01-16 15:06:40.5893 [DEBUG] Connecting to room (117213:SceneFusion:SceneFusion) via TCP at roommanager-ec2-35-164-71-216.kinematicsoup.com:443
2020-01-16 15:06:40.6831 [DEBUG] Validating model...
2020-01-16 15:06:40.8752 [DEBUG] Connection failed. (117213:SceneFusion:SceneFusion)
2020-01-16 15:06:40.8782 [WARNING] Connection failed: RESET, retrying...
2020-01-16 15:06:40.8782 [WARNING] Connection failed: RESET, retrying...
2020-01-16 15:06:40.8782 [DEBUG] Connection failed. (117213:SceneFusion:SceneFusion)
2020-01-16 15:06:40.8792 [WARNING] Connection failed: UNKNOWN_ERROR, retrying...
2020-01-16 15:06:40.8802 [WARNING] Connection failed: UNKNOWN_ERROR, retrying...
2020-01-16 15:06:42.8812 [DEBUG] Connecting to room (117213:SceneFusion:SceneFusion) via TCP at roommanager-ec2-35-164-71-216.kinematicsoup.com:80
2020-01-16 15:06:42.9705 [DEBUG] Validating model...
2020-01-16 15:06:43.1550 [DEBUG] Connection failed. (117213:SceneFusion:SceneFusion)
2020-01-16 15:06:43.1559 [WARNING] Connection failed: RESET, retrying...
2020-01-16 15:06:43.1569 [WARNING] Connection failed: RESET, retrying...
2020-01-16 15:06:43.1579 [WARNING] Connection failed: RESET, retrying...
2020-01-16 15:06:43.1579 [DEBUG] Connection failed. (117213:SceneFusion:SceneFusion)
2020-01-16 15:06:43.1579 [WARNING] Connection failed: UNKNOWN_ERROR, retrying...
2020-01-16 15:06:43.1589 [WARNING] Connection failed: UNKNOWN_ERROR, retrying...
2020-01-16 15:06:43.1599 [WARNING] Connection failed: UNKNOWN_ERROR, retrying...
2020-01-16 15:06:45.1534 [DEBUG] Connecting to room (117213:SceneFusion:SceneFusion) via TCP at roommanager-ec2-35-164-71-216.kinematicsoup.com:3011
2020-01-16 15:07:06.1667 [DEBUG] Connection attempt timed out. (117213:SceneFusion:SceneFusion)
2020-01-16 15:07:06.1756 [ERROR] Connection failed: TIMEOUT
