<<<<<<< Updated upstream
<<<<<<< Updated upstream
2020-01-24 08:01:23.5478 [DEBUG] Scene Fusion version 1.8.6-0
2020-01-24 08:06:04.5932 [DEBUG] Scene Fusion version 1.8.6-0
2020-01-24 08:06:10.8054 [DEBUG] Scene Fusion version 1.8.6-0
2020-01-24 08:06:14.6224 [DEBUG] Scene Fusion version 1.8.6-0
2020-01-24 08:06:33.8900 [DEBUG] Scene Fusion version 1.8.6-0
2020-01-24 08:06:58.5185 [DEBUG] Scene Fusion version 1.8.6-0
2020-01-24 08:07:58.5358 [DEBUG] Scene Fusion version 1.8.6-0
2020-01-24 08:08:26.7551 [DEBUG] Scene Fusion version 1.8.6-0
2020-01-24 08:09:36.6531 [DEBUG] Scene Fusion version 1.8.6-0
2020-01-24 08:11:06.6190 [DEBUG] Scene Fusion version 1.8.6-0
2020-01-24 08:11:10.5426 [DEBUG] Scene Fusion version 1.8.6-0
2020-01-24 08:11:15.2918 [DEBUG] Scene Fusion version 1.8.6-0
2020-01-24 08:11:22.4358 [DEBUG] Scene Fusion version 1.8.6-0
2020-01-24 08:11:57.0236 [DEBUG] Scene Fusion version 1.8.6-0
2020-01-24 08:11:57.1911 [DEBUG] Play mode: True, sync in play mode: True
2020-01-24 08:12:00.2103 [DEBUG] Play mode: False
2020-01-24 08:13:24.0758 [DEBUG] Scene Fusion version 1.8.6-0
2020-01-24 08:13:24.2508 [DEBUG] Play mode: True, sync in play mode: True
2020-01-24 08:13:33.7173 [DEBUG] Play mode: False
2020-01-24 08:14:16.3857 [DEBUG] Scene Fusion version 1.8.6-0
2020-01-24 08:14:16.5632 [DEBUG] Play mode: True, sync in play mode: True
2020-01-24 08:14:56.1538 [DEBUG] Scene Fusion version 1.8.6-0
2020-01-24 08:16:28.9087 [DEBUG] Scene Fusion version 1.8.6-0
2020-01-24 08:16:40.9789 [DEBUG] Scene Fusion version 1.8.6-0
2020-01-24 08:16:41.1476 [DEBUG] Play mode: True, sync in play mode: True
2020-01-24 08:17:07.3918 [DEBUG] Play mode: False
2020-01-24 08:18:14.0192 [DEBUG] Scene Fusion version 1.8.6-0
2020-01-24 08:19:02.3861 [DEBUG] Scene Fusion version 1.8.6-0
2020-01-24 08:19:02.5781 [DEBUG] Play mode: True, sync in play mode: True
2020-01-24 08:19:34.9219 [DEBUG] Play mode: False
2020-01-24 08:23:11.0799 [DEBUG] Scene Fusion version 1.8.6-0
2020-01-24 08:23:11.2492 [DEBUG] Play mode: True, sync in play mode: True
2020-01-24 08:23:35.7189 [DEBUG] Play mode: False
2020-01-24 08:24:15.8972 [DEBUG] Scene Fusion version 1.8.6-0
2020-01-24 08:24:16.0613 [DEBUG] Play mode: True, sync in play mode: True
2020-01-24 08:24:23.5638 [DEBUG] Play mode: False
2020-01-24 08:26:54.4236 [DEBUG] Scene Fusion version 1.8.6-0
2020-01-24 08:27:02.3900 [DEBUG] Scene Fusion version 1.8.6-0
2020-01-24 08:27:02.5120 [DEBUG] Play mode: True, sync in play mode: True
2020-01-24 08:27:03.6786 [ERROR] ArgumentException: SceneManager.SetActiveScene failed; invalid scene
UnityEngine.SceneManagement.SceneManager.SetActiveScene (UnityEngine.SceneManagement.Scene scene) <0x1d4cd0aff00 + 0x00052> in <c254d6bddee24edb8742cd1c78b0db19>:0
GameSceneController.SwapScene (System.Int32 scene) (at Assets/Scripts/Networking Layer/GameSceneController.cs:46)
StartManager.RTSStart () (at Assets/Scripts/Networking Layer/StartManager.cs:14)
UnityEngine.Events.InvokableCall.Invoke () (at C:/buildslave/unity/build/Runtime/Export/UnityEvent/UnityEvent.cs:166)
UnityEngine.Events.UnityEvent.Invoke () (at C:/buildslave/unity/build/Runtime/Export/UnityEvent/UnityEvent/UnityEvent_0.cs:58)
UnityEngine.UI.Button.Press () (at C:/Program Files/Unity/Hub/Editor/2019.2.5f1/Editor/Data/Resources/PackageManager/BuiltInPackages/com.unity.ugui/Runtime/UI/Core/Button.cs:68)
UnityEngine.UI.Button.OnPointerClick (UnityEngine.EventSystems.PointerEventData eventData) (at C:/Program Files/Unity/Hub/Editor/2019.2.5f1/Editor/Data/Resources/PackageManager/BuiltInPackages/com.unity.ugui/Runtime/UI/Core/Button.cs:110)
UnityEngine.EventSystems.ExecuteEvents.Execute (UnityEngine.EventSystems.IPointerClickHandler handler, UnityEngine.EventSystems.BaseEventData eventData) (at C:/Program Files/Unity/Hub/Editor/2019.2.5f1/Editor/Data/Resources/PackageManager/BuiltInPackages/com.unity.ugui/Runtime/EventSystem/ExecuteEvents.cs:50)
UnityEngine.EventSystems.ExecuteEvents.Execute[T] (UnityEngine.GameObject target, UnityEngine.EventSystems.BaseEventData eventData, UnityEngine.EventSystems.ExecuteEvents+EventFunction`1[T1] functor) (at C:/Program Files/Unity/Hub/Editor/2019.2.5f1/Editor/Data/Resources/PackageManager/BuiltInPackages/com.unity.ugui/Runtime/EventSystem/ExecuteEvents.cs:261)
UnityEngine.EventSystems.EventSystem:Update()

2020-01-24 08:27:17.7868 [DEBUG] Scene Fusion version 1.8.6-0
2020-01-24 08:27:17.9224 [ERROR] NullReferenceException: Object reference not set to an instance of an object
Netcode.NetworkManager.FixedUpdate () (at Assets/Scripts/Networking Layer/NetworkManager.cs:147)

2020-01-24 08:27:17.9454 [ERROR] NullReferenceException: Object reference not set to an instance of an object
Netcode.NetworkManager.FixedUpdate () (at Assets/Scripts/Networking Layer/NetworkManager.cs:147)

2020-01-24 08:27:17.9463 [ERROR] NullReferenceException: Object reference not set to an instance of an object
Netcode.NetworkManager.FixedUpdate () (at Assets/Scripts/Networking Layer/NetworkManager.cs:147)

2020-01-24 08:27:17.9463 [ERROR] NullReferenceException: Object reference not set to an instance of an object
Netcode.NetworkManager.FixedUpdate () (at Assets/Scripts/Networking Layer/NetworkManager.cs:147)

2020-01-24 08:27:17.9473 [ERROR] NullReferenceException: Object reference not set to an instance of an object
Netcode.NetworkManager.FixedUpdate () (at Assets/Scripts/Networking Layer/NetworkManager.cs:147)

2020-01-24 08:27:19.0248 [ERROR] NullReferenceException: Object reference not set to an instance of an object
Netcode.NetworkManager.FixedUpdate () (at Assets/Scripts/Networking Layer/NetworkManager.cs:147)

2020-01-24 08:27:19.0248 [ERROR] NullReferenceException: Object reference not set to an instance of an object
Netcode.NetworkManager.FixedUpdate () (at Assets/Scripts/Networking Layer/NetworkManager.cs:147)

2020-01-24 08:27:19.0258 [ERROR] NullReferenceException: Object reference not set to an instance of an object
Netcode.NetworkManager.FixedUpdate () (at Assets/Scripts/Networking Layer/NetworkManager.cs:147)

2020-01-24 08:27:19.0258 [ERROR] NullReferenceException: Object reference not set to an instance of an object
Netcode.NetworkManager.FixedUpdate () (at Assets/Scripts/Networking Layer/NetworkManager.cs:147)

2020-01-24 08:27:19.0258 [ERROR] NullReferenceException: Object reference not set to an instance of an object
Netcode.NetworkManager.FixedUpdate () (at Assets/Scripts/Networking Layer/NetworkManager.cs:147)

2020-01-24 08:27:19.0627 [ERROR] NullReferenceException: Object reference not set to an instance of an object
Netcode.NetworkManager.FixedUpdate () (at Assets/Scripts/Networking Layer/NetworkManager.cs:147)

2020-01-24 08:27:19.0797 [ERROR] NullReferenceException: Object reference not set to an instance of an object
Netcode.NetworkManager.FixedUpdate () (at Assets/Scripts/Networking Layer/NetworkManager.cs:147)

2020-01-24 08:27:19.0926 [ERROR] NullReferenceException: Object reference not set to an instance of an object
Netcode.NetworkManager.FixedUpdate () (at Assets/Scripts/Networking Layer/NetworkManager.cs:147)

2020-01-24 08:27:19.1076 [ERROR] NullReferenceException: Object reference not set to an instance of an object
Netcode.NetworkManager.FixedUpdate () (at Assets/Scripts/Networking Layer/NetworkManager.cs:147)

2020-01-24 08:27:19.1295 [ERROR] NullReferenceException: Object reference not set to an instance of an object
Netcode.NetworkManager.FixedUpdate () (at Assets/Scripts/Networking Layer/NetworkManager.cs:147)

2020-01-24 08:27:19.1525 [ERROR] NullReferenceException: Object reference not set to an instance of an object
Netcode.NetworkManager.FixedUpdate () (at Assets/Scripts/Networking Layer/NetworkManager.cs:147)

2020-01-24 08:27:19.1644 [ERROR] NullReferenceException: Object reference not set to an instance of an object
Netcode.NetworkManager.FixedUpdate () (at Assets/Scripts/Networking Layer/NetworkManager.cs:147)

2020-01-24 08:27:19.1874 [ERROR] NullReferenceException: Object reference not set to an instance of an object
Netcode.NetworkManager.FixedUpdate () (at Assets/Scripts/Networking Layer/NetworkManager.cs:147)

2020-01-24 08:27:19.2113 [ERROR] NullReferenceException: Object reference not set to an instance of an object
Netcode.NetworkManager.FixedUpdate () (at Assets/Scripts/Networking Layer/NetworkManager.cs:147)

2020-01-24 08:27:19.2332 [ERROR] NullReferenceException: Object reference not set to an instance of an object
Netcode.NetworkManager.FixedUpdate () (at Assets/Scripts/Networking Layer/NetworkManager.cs:147)

2020-01-24 08:27:19.2542 [ERROR] NullReferenceException: Object reference not set to an instance of an object
Netcode.NetworkManager.FixedUpdate () (at Assets/Scripts/Networking Layer/NetworkManager.cs:147)

2020-01-24 08:27:19.2652 [ERROR] NullReferenceException: Object reference not set to an instance of an object
Netcode.NetworkManager.FixedUpdate () (at Assets/Scripts/Networking Layer/NetworkManager.cs:147)

2020-01-24 08:27:19.2901 [ERROR] NullReferenceException: Object reference not set to an instance of an object
Netcode.NetworkManager.FixedUpdate () (at Assets/Scripts/Networking Layer/NetworkManager.cs:147)

2020-01-24 08:27:19.3170 [ERROR] NullReferenceException: Object reference not set to an instance of an object
Netcode.NetworkManager.FixedUpdate () (at Assets/Scripts/Networking Layer/NetworkManager.cs:147)

2020-01-24 08:27:19.3292 [ERROR] NullReferenceException: Object reference not set to an instance of an object
Netcode.NetworkManager.FixedUpdate () (at Assets/Scripts/Networking Layer/NetworkManager.cs:147)

2020-01-24 08:27:19.3521 [ERROR] NullReferenceException: Object reference not set to an instance of an object
Netcode.NetworkManager.FixedUpdate () (at Assets/Scripts/Networking Layer/NetworkManager.cs:147)

2020-01-24 08:27:19.3651 [ERROR] NullReferenceException: Object reference not set to an instance of an object
Netcode.NetworkManager.FixedUpdate () (at Assets/Scripts/Networking Layer/NetworkManager.cs:147)

2020-01-24 08:27:19.3870 [ERROR] NullReferenceException: Object reference not set to an instance of an object
Netcode.NetworkManager.FixedUpdate () (at Assets/Scripts/Networking Layer/NetworkManager.cs:147)

2020-01-24 08:27:19.4099 [ERROR] NullReferenceException: Object reference not set to an instance of an object
Netcode.NetworkManager.FixedUpdate () (at Assets/Scripts/Networking Layer/NetworkManager.cs:147)

2020-01-24 08:27:19.4331 [ERROR] NullReferenceException: Object reference not set to an instance of an object
Netcode.NetworkManager.FixedUpdate () (at Assets/Scripts/Networking Layer/NetworkManager.cs:147)

2020-01-24 08:27:19.4581 [ERROR] NullReferenceException: Object reference not set to an instance of an object
Netcode.NetworkManager.FixedUpdate () (at Assets/Scripts/Networking Layer/NetworkManager.cs:147)

2020-01-24 08:27:19.4740 [ERROR] NullReferenceException: Object reference not set to an instance of an object
Netcode.NetworkManager.FixedUpdate () (at Assets/Scripts/Networking Layer/NetworkManager.cs:147)

2020-01-24 08:27:19.4880 [ERROR] NullReferenceException: Object reference not set to an instance of an object
Netcode.NetworkManager.FixedUpdate () (at Assets/Scripts/Networking Layer/NetworkManager.cs:147)

2020-01-24 08:27:19.5109 [ERROR] NullReferenceException: Object reference not set to an instance of an object
Netcode.NetworkManager.FixedUpdate () (at Assets/Scripts/Networking Layer/NetworkManager.cs:147)

2020-01-24 08:27:19.5379 [ERROR] NullReferenceException: Object reference not set to an instance of an object
Netcode.NetworkManager.FixedUpdate () (at Assets/Scripts/Networking Layer/NetworkManager.cs:147)

2020-01-24 08:27:19.5498 [ERROR] NullReferenceException: Object reference not set to an instance of an object
Netcode.NetworkManager.FixedUpdate () (at Assets/Scripts/Networking Layer/NetworkManager.cs:147)

2020-01-24 08:27:19.5758 [ERROR] NullReferenceException: Object reference not set to an instance of an object
Netcode.NetworkManager.FixedUpdate () (at Assets/Scripts/Networking Layer/NetworkManager.cs:147)

2020-01-24 08:27:19.5917 [ERROR] NullReferenceException: Object reference not set to an instance of an object
Netcode.NetworkManager.FixedUpdate () (at Assets/Scripts/Networking Layer/NetworkManager.cs:147)

2020-01-24 08:27:19.6047 [ERROR] NullReferenceException: Object reference not set to an instance of an object
Netcode.NetworkManager.FixedUpdate () (at Assets/Scripts/Networking Layer/NetworkManager.cs:147)

2020-01-24 08:27:19.6316 [ERROR] NullReferenceException: Object reference not set to an instance of an object
Netcode.NetworkManager.FixedUpdate () (at Assets/Scripts/Networking Layer/NetworkManager.cs:147)

2020-01-24 08:27:19.6446 [ERROR] NullReferenceException: Object reference not set to an instance of an object
Netcode.NetworkManager.FixedUpdate () (at Assets/Scripts/Networking Layer/NetworkManager.cs:147)

2020-01-24 08:27:19.6645 [ERROR] NullReferenceException: Object reference not set to an instance of an object
Netcode.NetworkManager.FixedUpdate () (at Assets/Scripts/Networking Layer/NetworkManager.cs:147)

2020-01-24 08:27:19.6925 [ERROR] NullReferenceException: Object reference not set to an instance of an object
Netcode.NetworkManager.FixedUpdate () (at Assets/Scripts/Networking Layer/NetworkManager.cs:147)

2020-01-24 08:27:19.7064 [ERROR] NullReferenceException: Object reference not set to an instance of an object
Netcode.NetworkManager.FixedUpdate () (at Assets/Scripts/Networking Layer/NetworkManager.cs:147)

2020-01-24 08:27:19.7354 [ERROR] NullReferenceException: Object reference not set to an instance of an object
Netcode.NetworkManager.FixedUpdate () (at Assets/Scripts/Networking Layer/NetworkManager.cs:147)

2020-01-24 08:27:19.7484 [ERROR] NullReferenceException: Object reference not set to an instance of an object
Netcode.NetworkManager.FixedUpdate () (at Assets/Scripts/Networking Layer/NetworkManager.cs:147)

2020-01-24 08:27:19.7693 [ERROR] NullReferenceException: Object reference not set to an instance of an object
Netcode.NetworkManager.FixedUpdate () (at Assets/Scripts/Networking Layer/NetworkManager.cs:147)

2020-01-24 08:27:19.7902 [ERROR] NullReferenceException: Object reference not set to an instance of an object
Netcode.NetworkManager.FixedUpdate () (at Assets/Scripts/Networking Layer/NetworkManager.cs:147)

2020-01-24 08:27:19.8052 [ERROR] NullReferenceException: Object reference not set to an instance of an object
Netcode.NetworkManager.FixedUpdate () (at Assets/Scripts/Networking Layer/NetworkManager.cs:147)

2020-01-24 08:27:19.8261 [ERROR] NullReferenceException: Object reference not set to an instance of an object
Netcode.NetworkManager.FixedUpdate () (at Assets/Scripts/Networking Layer/NetworkManager.cs:147)

2020-01-24 08:27:19.8471 [ERROR] NullReferenceException: Object reference not set to an instance of an object
Netcode.NetworkManager.FixedUpdate () (at Assets/Scripts/Networking Layer/NetworkManager.cs:147)

2020-01-24 08:27:19.8720 [ERROR] NullReferenceException: Object reference not set to an instance of an object
Netcode.NetworkManager.FixedUpdate () (at Assets/Scripts/Networking Layer/NetworkManager.cs:147)

2020-01-24 08:27:19.8929 [ERROR] NullReferenceException: Object reference not set to an instance of an object
Netcode.NetworkManager.FixedUpdate () (at Assets/Scripts/Networking Layer/NetworkManager.cs:147)

2020-01-24 08:27:19.9049 [ERROR] NullReferenceException: Object reference not set to an instance of an object
Netcode.NetworkManager.FixedUpdate () (at Assets/Scripts/Networking Layer/NetworkManager.cs:147)

2020-01-24 08:27:19.9278 [ERROR] NullReferenceException: Object reference not set to an instance of an object
Netcode.NetworkManager.FixedUpdate () (at Assets/Scripts/Networking Layer/NetworkManager.cs:147)

2020-01-24 08:27:19.9598 [ERROR] NullReferenceException: Object reference not set to an instance of an object
Netcode.NetworkManager.FixedUpdate () (at Assets/Scripts/Networking Layer/NetworkManager.cs:147)

2020-01-24 08:27:19.9727 [ERROR] NullReferenceException: Object reference not set to an instance of an object
Netcode.NetworkManager.FixedUpdate () (at Assets/Scripts/Networking Layer/NetworkManager.cs:147)

2020-01-24 08:27:19.9867 [ERROR] NullReferenceException: Object reference not set to an instance of an object
Netcode.NetworkManager.FixedUpdate () (at Assets/Scripts/Networking Layer/NetworkManager.cs:147)

2020-01-24 08:27:20.0077 [ERROR] NullReferenceException: Object reference not set to an instance of an object
Netcode.NetworkManager.FixedUpdate () (at Assets/Scripts/Networking Layer/NetworkManager.cs:147)

2020-01-24 08:27:20.0286 [ERROR] NullReferenceException: Object reference not set to an instance of an object
Netcode.NetworkManager.FixedUpdate () (at Assets/Scripts/Networking Layer/NetworkManager.cs:147)

2020-01-24 08:27:20.0495 [ERROR] NullReferenceException: Object reference not set to an instance of an object
Netcode.NetworkManager.FixedUpdate () (at Assets/Scripts/Networking Layer/NetworkManager.cs:147)

2020-01-24 08:27:20.0724 [ERROR] NullReferenceException: Object reference not set to an instance of an object
Netcode.NetworkManager.FixedUpdate () (at Assets/Scripts/Networking Layer/NetworkManager.cs:147)

2020-01-24 08:27:20.0944 [ERROR] NullReferenceException: Object reference not set to an instance of an object
Netcode.NetworkManager.FixedUpdate () (at Assets/Scripts/Networking Layer/NetworkManager.cs:147)

2020-01-24 08:27:20.1054 [ERROR] NullReferenceException: Object reference not set to an instance of an object
Netcode.NetworkManager.FixedUpdate () (at Assets/Scripts/Networking Layer/NetworkManager.cs:147)

2020-01-24 08:27:20.1303 [ERROR] NullReferenceException: Object reference not set to an instance of an object
Netcode.NetworkManager.FixedUpdate () (at Assets/Scripts/Networking Layer/NetworkManager.cs:147)

2020-01-24 08:27:20.1502 [ERROR] NullReferenceException: Object reference not set to an instance of an object
Netcode.NetworkManager.FixedUpdate () (at Assets/Scripts/Networking Layer/NetworkManager.cs:147)

2020-01-24 08:27:20.1702 [ERROR] NullReferenceException: Object reference not set to an instance of an object
Netcode.NetworkManager.FixedUpdate () (at Assets/Scripts/Networking Layer/NetworkManager.cs:147)

2020-01-24 08:27:20.1911 [ERROR] NullReferenceException: Object reference not set to an instance of an object
Netcode.NetworkManager.FixedUpdate () (at Assets/Scripts/Networking Layer/NetworkManager.cs:147)

2020-01-24 08:27:20.2137 [ERROR] NullReferenceException: Object reference not set to an instance of an object
Netcode.NetworkManager.FixedUpdate () (at Assets/Scripts/Networking Layer/NetworkManager.cs:147)

2020-01-24 08:27:20.2247 [ERROR] NullReferenceException: Object reference not set to an instance of an object
Netcode.NetworkManager.FixedUpdate () (at Assets/Scripts/Networking Layer/NetworkManager.cs:147)

2020-01-24 08:27:20.2456 [ERROR] NullReferenceException: Object reference not set to an instance of an object
Netcode.NetworkManager.FixedUpdate () (at Assets/Scripts/Networking Layer/NetworkManager.cs:147)

2020-01-24 08:27:20.9878 [DEBUG] Play mode: False
2020-01-24 08:27:25.1586 [DEBUG] Scene Fusion version 1.8.6-0
2020-01-24 08:27:25.3003 [DEBUG] Play mode: True, sync in play mode: True
2020-01-24 08:27:26.2010 [ERROR] ArgumentException: SceneManager.SetActiveScene failed; scene 'GameScene' is not loaded and therefore cannot be set active
UnityEngine.SceneManagement.SceneManager.SetActiveScene (UnityEngine.SceneManagement.Scene scene) <0x1d4886c1500 + 0x00052> in <c254d6bddee24edb8742cd1c78b0db19>:0
GameSceneController.SwapScene (System.Int32 scene) (at Assets/Scripts/Networking Layer/GameSceneController.cs:48)
StartManager.RTSStart () (at Assets/Scripts/Networking Layer/StartManager.cs:14)
UnityEngine.Events.InvokableCall.Invoke () (at C:/buildslave/unity/build/Runtime/Export/UnityEvent/UnityEvent.cs:166)
UnityEngine.Events.UnityEvent.Invoke () (at C:/buildslave/unity/build/Runtime/Export/UnityEvent/UnityEvent/UnityEvent_0.cs:58)
UnityEngine.UI.Button.Press () (at C:/Program Files/Unity/Hub/Editor/2019.2.5f1/Editor/Data/Resources/PackageManager/BuiltInPackages/com.unity.ugui/Runtime/UI/Core/Button.cs:68)
UnityEngine.UI.Button.OnPointerClick (UnityEngine.EventSystems.PointerEventData eventData) (at C:/Program Files/Unity/Hub/Editor/2019.2.5f1/Editor/Data/Resources/PackageManager/BuiltInPackages/com.unity.ugui/Runtime/UI/Core/Button.cs:110)
UnityEngine.EventSystems.ExecuteEvents.Execute (UnityEngine.EventSystems.IPointerClickHandler handler, UnityEngine.EventSystems.BaseEventData eventData) (at C:/Program Files/Unity/Hub/Editor/2019.2.5f1/Editor/Data/Resources/PackageManager/BuiltInPackages/com.unity.ugui/Runtime/EventSystem/ExecuteEvents.cs:50)
UnityEngine.EventSystems.ExecuteEvents.Execute[T] (UnityEngine.GameObject target, UnityEngine.EventSystems.BaseEventData eventData, UnityEngine.EventSystems.ExecuteEvents+EventFunction`1[T1] functor) (at C:/Program Files/Unity/Hub/Editor/2019.2.5f1/Editor/Data/Resources/PackageManager/BuiltInPackages/com.unity.ugui/Runtime/EventSystem/ExecuteEvents.cs:261)
UnityEngine.EventSystems.EventSystem:Update()

2020-01-24 08:27:40.9281 [DEBUG] Play mode: False
2020-01-24 08:28:10.4729 [DEBUG] Scene Fusion version 1.8.6-0
2020-01-24 08:28:10.6587 [DEBUG] Play mode: True, sync in play mode: True
2020-01-24 08:28:15.4545 [DEBUG] Play mode: False
2020-01-24 08:29:13.0842 [DEBUG] Scene Fusion version 1.8.6-0
2020-01-24 08:29:25.1430 [DEBUG] Scene Fusion version 1.8.6-0
2020-01-24 08:29:25.2794 [DEBUG] Play mode: True, sync in play mode: True
2020-01-24 08:29:28.0893 [DEBUG] Play mode: False
2020-01-24 08:29:37.1426 [DEBUG] Scene Fusion version 1.8.6-0
2020-01-24 08:29:37.2891 [DEBUG] Play mode: True, sync in play mode: True
2020-01-24 08:29:43.4477 [DEBUG] Play mode: False
=======
=======
>>>>>>> Stashed changes
2020-01-24 08:00:29.0135 [DEBUG] Scene Fusion version 1.8.6-0
2020-01-24 08:02:15.9245 [DEBUG] Scene Fusion version 1.8.6-0
2020-01-24 08:02:16.1499 [DEBUG] Play mode: True, sync in play mode: False
2020-01-24 08:02:24.9961 [DEBUG] Play mode: False
2020-01-24 08:02:39.6243 [DEBUG] Scene Fusion version 1.8.6-0
2020-01-24 08:02:39.7978 [DEBUG] Play mode: True, sync in play mode: False
2020-01-24 08:02:45.4884 [DEBUG] Play mode: False
2020-01-24 09:26:22.9559 [DEBUG] Scene Fusion version 1.8.6-0
2020-01-24 09:28:45.7712 [DEBUG] Scene Fusion version 1.8.6-0
2020-01-24 09:29:57.9641 [DEBUG] Scene Fusion version 1.8.6-0
2020-01-24 09:32:59.4802 [DEBUG] Scene Fusion version 1.8.6-0
2020-01-24 09:33:09.4792 [DEBUG] Scene Fusion version 1.8.6-0
2020-01-24 09:33:55.9215 [DEBUG] Scene Fusion version 1.8.6-0
2020-01-24 09:34:02.8669 [DEBUG] Scene Fusion version 1.8.6-0
2020-01-24 09:34:08.5791 [DEBUG] Scene Fusion version 1.8.6-0
2020-01-24 09:34:21.7779 [DEBUG] Scene Fusion version 1.8.6-0
2020-01-24 09:34:30.3682 [DEBUG] Scene Fusion version 1.8.6-0
2020-01-24 09:34:37.7750 [DEBUG] Scene Fusion version 1.8.6-0
2020-01-24 09:34:43.3854 [DEBUG] Scene Fusion version 1.8.6-0
2020-01-24 09:34:49.3258 [DEBUG] Scene Fusion version 1.8.6-0
2020-01-24 09:35:35.1189 [DEBUG] Scene Fusion version 1.8.6-0
2020-01-24 09:36:00.9684 [DEBUG] Scene Fusion version 1.8.6-0
2020-01-24 09:37:14.8447 [DEBUG] Scene Fusion version 1.8.6-0
2020-01-24 09:38:56.8978 [DEBUG] Scene Fusion version 1.8.6-0
2020-01-24 09:40:10.6596 [DEBUG] Scene Fusion version 1.8.6-0
2020-01-24 09:40:31.6888 [DEBUG] Scene Fusion version 1.8.6-0
2020-01-24 09:41:38.9051 [DEBUG] Scene Fusion version 1.8.6-0
2020-01-24 09:50:12.8211 [DEBUG] Scene Fusion version 1.8.6-0
2020-01-24 09:52:39.3623 [DEBUG] Scene Fusion version 1.8.6-0
2020-01-24 09:52:39.5026 [DEBUG] Play mode: True, sync in play mode: False
2020-01-24 09:52:41.6796 [DEBUG] Play mode: False
<<<<<<< Updated upstream
>>>>>>> Stashed changes
2020-01-24 10:00:40.4682 [DEBUG] Scene Fusion version 1.8.6-0
2020-01-24 10:18:43.7211 [DEBUG] Scene Fusion version 1.8.6-0
2020-01-24 10:18:50.9849 [DEBUG] Scene Fusion version 1.8.6-0
2020-01-24 10:18:51.1253 [DEBUG] Play mode: True, sync in play mode: False
2020-01-24 10:18:56.1872 [DEBUG] Play mode: False
2020-01-24 10:20:25.4638 [DEBUG] Scene Fusion version 1.8.6-0
2020-01-24 10:20:31.3753 [DEBUG] Scene Fusion version 1.8.6-0
2020-01-24 10:20:31.5275 [DEBUG] Play mode: True, sync in play mode: False
2020-01-24 10:21:04.0483 [DEBUG] Play mode: False
2020-01-24 10:25:10.6495 [DEBUG] Scene Fusion version 1.8.6-0
2020-01-24 10:25:10.8324 [DEBUG] Play mode: True, sync in play mode: False
2020-01-24 10:25:27.0119 [DEBUG] Play mode: False
2020-01-24 10:25:57.8762 [DEBUG] Scene Fusion version 1.8.6-0
2020-01-24 10:25:58.0817 [DEBUG] Play mode: True, sync in play mode: False
2020-01-24 10:26:11.9603 [ERROR] NullReferenceException: Object reference not set to an instance of an object
GunFPS.StartPlaying () (at Assets/Scripts/FPS Layer/GunFPS.cs:49)
GunFPS.Fire (UnityEngine.Transform camTransform, PlayerFPS sender) (at Assets/Scripts/FPS Layer/GunFPS.cs:67)
PlayerFPS.BaseUpdate () (at Assets/Scripts/FPS Layer/PlayerFPS.cs:191)
Entity.Update () (at Assets/Scripts/Processing Layer/Entity.cs:77)

2020-01-24 10:26:11.9613 [ERROR] NullReferenceException: Object reference not set to an instance of an object
GunFPS.StopPlaying () (at Assets/Scripts/FPS Layer/GunFPS.cs:55)
GunFPS.LateUpdate () (at Assets/Scripts/FPS Layer/GunFPS.cs:134)

2020-01-24 10:26:29.4322 [DEBUG] Play mode: False
2020-01-24 10:27:16.5163 [DEBUG] Scene Fusion version 1.8.6-0
2020-01-24 10:27:16.7636 [DEBUG] Play mode: True, sync in play mode: False
2020-01-24 10:27:28.7984 [DEBUG] Play mode: False
2020-01-24 10:29:00.5411 [DEBUG] Scene Fusion version 1.8.6-0
2020-01-24 10:29:06.8303 [DEBUG] Scene Fusion version 1.8.6-0
2020-01-24 10:29:06.9845 [DEBUG] Play mode: True, sync in play mode: False
2020-01-24 10:29:14.7071 [DEBUG] Play mode: False
2020-01-24 10:29:19.3161 [DEBUG] Scene Fusion version 1.8.6-0
2020-01-24 10:29:19.5046 [DEBUG] Play mode: True, sync in play mode: False
2020-01-24 10:31:14.4469 [DEBUG] Scene Fusion version 1.8.6-0
2020-01-24 10:31:17.6381 [DEBUG] Play mode: False
2020-01-24 10:31:20.7123 [DEBUG] Scene Fusion version 1.8.6-0
2020-01-24 10:31:20.8948 [DEBUG] Play mode: True, sync in play mode: False
2020-01-24 10:31:32.1570 [ERROR] NullReferenceException: Object reference not set to an instance of an object
GunFPS.StartPlaying () (at Assets/Scripts/FPS Layer/GunFPS.cs:49)
GunFPS.Fire (UnityEngine.Transform camTransform, PlayerFPS sender) (at Assets/Scripts/FPS Layer/GunFPS.cs:67)
PlayerFPS.BaseUpdate () (at Assets/Scripts/FPS Layer/PlayerFPS.cs:193)
Entity.Update () (at Assets/Scripts/Processing Layer/Entity.cs:77)

2020-01-24 10:31:32.1580 [ERROR] NullReferenceException: Object reference not set to an instance of an object
GunFPS.StopPlaying () (at Assets/Scripts/FPS Layer/GunFPS.cs:55)
GunFPS.LateUpdate () (at Assets/Scripts/FPS Layer/GunFPS.cs:134)

2020-01-24 10:31:32.1800 [ERROR] NullReferenceException: Object reference not set to an instance of an object
GunFPS.StartPlaying () (at Assets/Scripts/FPS Layer/GunFPS.cs:49)
GunFPS.Fire (UnityEngine.Transform camTransform, PlayerFPS sender) (at Assets/Scripts/FPS Layer/GunFPS.cs:67)
PlayerFPS.BaseUpdate () (at Assets/Scripts/FPS Layer/PlayerFPS.cs:193)
Entity.Update () (at Assets/Scripts/Processing Layer/Entity.cs:77)

2020-01-24 10:31:32.1860 [ERROR] NullReferenceException: Object reference not set to an instance of an object
GunFPS.StopPlaying () (at Assets/Scripts/FPS Layer/GunFPS.cs:55)
GunFPS.LateUpdate () (at Assets/Scripts/FPS Layer/GunFPS.cs:134)

2020-01-24 10:31:32.2129 [ERROR] NullReferenceException: Object reference not set to an instance of an object
GunFPS.StartPlaying () (at Assets/Scripts/FPS Layer/GunFPS.cs:49)
GunFPS.Fire (UnityEngine.Transform camTransform, PlayerFPS sender) (at Assets/Scripts/FPS Layer/GunFPS.cs:67)
PlayerFPS.BaseUpdate () (at Assets/Scripts/FPS Layer/PlayerFPS.cs:193)
Entity.Update () (at Assets/Scripts/Processing Layer/Entity.cs:77)

2020-01-24 10:31:32.2129 [ERROR] NullReferenceException: Object reference not set to an instance of an object
GunFPS.StopPlaying () (at Assets/Scripts/FPS Layer/GunFPS.cs:55)
GunFPS.LateUpdate () (at Assets/Scripts/FPS Layer/GunFPS.cs:134)

2020-01-24 10:31:32.2448 [ERROR] NullReferenceException: Object reference not set to an instance of an object
GunFPS.StartPlaying () (at Assets/Scripts/FPS Layer/GunFPS.cs:49)
GunFPS.Fire (UnityEngine.Transform camTransform, PlayerFPS sender) (at Assets/Scripts/FPS Layer/GunFPS.cs:67)
PlayerFPS.BaseUpdate () (at Assets/Scripts/FPS Layer/PlayerFPS.cs:193)
Entity.Update () (at Assets/Scripts/Processing Layer/Entity.cs:77)

2020-01-24 10:31:32.2458 [ERROR] NullReferenceException: Object reference not set to an instance of an object
GunFPS.StopPlaying () (at Assets/Scripts/FPS Layer/GunFPS.cs:55)
GunFPS.LateUpdate () (at Assets/Scripts/FPS Layer/GunFPS.cs:134)

2020-01-24 10:31:32.2807 [ERROR] NullReferenceException: Object reference not set to an instance of an object
GunFPS.StartPlaying () (at Assets/Scripts/FPS Layer/GunFPS.cs:49)
GunFPS.Fire (UnityEngine.Transform camTransform, PlayerFPS sender) (at Assets/Scripts/FPS Layer/GunFPS.cs:67)
PlayerFPS.BaseUpdate () (at Assets/Scripts/FPS Layer/PlayerFPS.cs:193)
Entity.Update () (at Assets/Scripts/Processing Layer/Entity.cs:77)

2020-01-24 10:31:32.2807 [ERROR] NullReferenceException: Object reference not set to an instance of an object
GunFPS.StopPlaying () (at Assets/Scripts/FPS Layer/GunFPS.cs:55)
GunFPS.LateUpdate () (at Assets/Scripts/FPS Layer/GunFPS.cs:134)

2020-01-24 10:31:32.3127 [ERROR] NullReferenceException: Object reference not set to an instance of an object
GunFPS.StartPlaying () (at Assets/Scripts/FPS Layer/GunFPS.cs:49)
GunFPS.Fire (UnityEngine.Transform camTransform, PlayerFPS sender) (at Assets/Scripts/FPS Layer/GunFPS.cs:67)
PlayerFPS.BaseUpdate () (at Assets/Scripts/FPS Layer/PlayerFPS.cs:193)
Entity.Update () (at Assets/Scripts/Processing Layer/Entity.cs:77)

2020-01-24 10:31:32.3127 [ERROR] NullReferenceException: Object reference not set to an instance of an object
GunFPS.StopPlaying () (at Assets/Scripts/FPS Layer/GunFPS.cs:55)
GunFPS.LateUpdate () (at Assets/Scripts/FPS Layer/GunFPS.cs:134)

2020-01-24 10:31:32.3456 [ERROR] NullReferenceException: Object reference not set to an instance of an object
GunFPS.StartPlaying () (at Assets/Scripts/FPS Layer/GunFPS.cs:49)
GunFPS.Fire (UnityEngine.Transform camTransform, PlayerFPS sender) (at Assets/Scripts/FPS Layer/GunFPS.cs:67)
PlayerFPS.BaseUpdate () (at Assets/Scripts/FPS Layer/PlayerFPS.cs:193)
Entity.Update () (at Assets/Scripts/Processing Layer/Entity.cs:77)

2020-01-24 10:31:32.3466 [ERROR] NullReferenceException: Object reference not set to an instance of an object
GunFPS.StopPlaying () (at Assets/Scripts/FPS Layer/GunFPS.cs:55)
GunFPS.LateUpdate () (at Assets/Scripts/FPS Layer/GunFPS.cs:134)

2020-01-24 10:31:32.3805 [ERROR] NullReferenceException: Object reference not set to an instance of an object
GunFPS.StartPlaying () (at Assets/Scripts/FPS Layer/GunFPS.cs:49)
GunFPS.Fire (UnityEngine.Transform camTransform, PlayerFPS sender) (at Assets/Scripts/FPS Layer/GunFPS.cs:67)
PlayerFPS.BaseUpdate () (at Assets/Scripts/FPS Layer/PlayerFPS.cs:193)
Entity.Update () (at Assets/Scripts/Processing Layer/Entity.cs:77)

2020-01-24 10:31:32.3805 [ERROR] NullReferenceException: Object reference not set to an instance of an object
GunFPS.StopPlaying () (at Assets/Scripts/FPS Layer/GunFPS.cs:55)
GunFPS.LateUpdate () (at Assets/Scripts/FPS Layer/GunFPS.cs:134)

2020-01-24 10:31:32.4766 [ERROR] NullReferenceException: Object reference not set to an instance of an object
GunFPS.StartPlaying () (at Assets/Scripts/FPS Layer/GunFPS.cs:49)
GunFPS.Fire (UnityEngine.Transform camTransform, PlayerFPS sender) (at Assets/Scripts/FPS Layer/GunFPS.cs:67)
PlayerFPS.BaseUpdate () (at Assets/Scripts/FPS Layer/PlayerFPS.cs:193)
Entity.Update () (at Assets/Scripts/Processing Layer/Entity.cs:77)

2020-01-24 10:31:32.4766 [ERROR] NullReferenceException: Object reference not set to an instance of an object
GunFPS.StopPlaying () (at Assets/Scripts/FPS Layer/GunFPS.cs:55)
GunFPS.LateUpdate () (at Assets/Scripts/FPS Layer/GunFPS.cs:134)

2020-01-24 10:31:32.5420 [ERROR] NullReferenceException: Object reference not set to an instance of an object
GunFPS.StartPlaying () (at Assets/Scripts/FPS Layer/GunFPS.cs:49)
GunFPS.Fire (UnityEngine.Transform camTransform, PlayerFPS sender) (at Assets/Scripts/FPS Layer/GunFPS.cs:67)
PlayerFPS.BaseUpdate () (at Assets/Scripts/FPS Layer/PlayerFPS.cs:193)
Entity.Update () (at Assets/Scripts/Processing Layer/Entity.cs:77)

2020-01-24 10:31:32.5430 [ERROR] NullReferenceException: Object reference not set to an instance of an object
GunFPS.StopPlaying () (at Assets/Scripts/FPS Layer/GunFPS.cs:55)
GunFPS.LateUpdate () (at Assets/Scripts/FPS Layer/GunFPS.cs:134)

2020-01-24 10:31:32.5789 [ERROR] NullReferenceException: Object reference not set to an instance of an object
GunFPS.StartPlaying () (at Assets/Scripts/FPS Layer/GunFPS.cs:49)
GunFPS.Fire (UnityEngine.Transform camTransform, PlayerFPS sender) (at Assets/Scripts/FPS Layer/GunFPS.cs:67)
PlayerFPS.BaseUpdate () (at Assets/Scripts/FPS Layer/PlayerFPS.cs:193)
Entity.Update () (at Assets/Scripts/Processing Layer/Entity.cs:77)

2020-01-24 10:31:32.5799 [ERROR] NullReferenceException: Object reference not set to an instance of an object
GunFPS.StopPlaying () (at Assets/Scripts/FPS Layer/GunFPS.cs:55)
GunFPS.LateUpdate () (at Assets/Scripts/FPS Layer/GunFPS.cs:134)

2020-01-24 10:31:32.6134 [ERROR] NullReferenceException: Object reference not set to an instance of an object
GunFPS.StartPlaying () (at Assets/Scripts/FPS Layer/GunFPS.cs:49)
GunFPS.Fire (UnityEngine.Transform camTransform, PlayerFPS sender) (at Assets/Scripts/FPS Layer/GunFPS.cs:67)
PlayerFPS.BaseUpdate () (at Assets/Scripts/FPS Layer/PlayerFPS.cs:193)
Entity.Update () (at Assets/Scripts/Processing Layer/Entity.cs:77)

2020-01-24 10:31:32.6143 [ERROR] NullReferenceException: Object reference not set to an instance of an object
GunFPS.StopPlaying () (at Assets/Scripts/FPS Layer/GunFPS.cs:55)
GunFPS.LateUpdate () (at Assets/Scripts/FPS Layer/GunFPS.cs:134)

2020-01-24 10:31:32.6762 [ERROR] NullReferenceException: Object reference not set to an instance of an object
GunFPS.StartPlaying () (at Assets/Scripts/FPS Layer/GunFPS.cs:49)
GunFPS.Fire (UnityEngine.Transform camTransform, PlayerFPS sender) (at Assets/Scripts/FPS Layer/GunFPS.cs:67)
PlayerFPS.BaseUpdate () (at Assets/Scripts/FPS Layer/PlayerFPS.cs:193)
Entity.Update () (at Assets/Scripts/Processing Layer/Entity.cs:77)

2020-01-24 10:31:32.6772 [ERROR] NullReferenceException: Object reference not set to an instance of an object
GunFPS.StopPlaying () (at Assets/Scripts/FPS Layer/GunFPS.cs:55)
GunFPS.LateUpdate () (at Assets/Scripts/FPS Layer/GunFPS.cs:134)

2020-01-24 10:31:32.7131 [ERROR] NullReferenceException: Object reference not set to an instance of an object
GunFPS.StartPlaying () (at Assets/Scripts/FPS Layer/GunFPS.cs:49)
GunFPS.Fire (UnityEngine.Transform camTransform, PlayerFPS sender) (at Assets/Scripts/FPS Layer/GunFPS.cs:67)
PlayerFPS.BaseUpdate () (at Assets/Scripts/FPS Layer/PlayerFPS.cs:193)
Entity.Update () (at Assets/Scripts/Processing Layer/Entity.cs:77)

2020-01-24 10:31:32.7131 [ERROR] NullReferenceException: Object reference not set to an instance of an object
GunFPS.StopPlaying () (at Assets/Scripts/FPS Layer/GunFPS.cs:55)
GunFPS.LateUpdate () (at Assets/Scripts/FPS Layer/GunFPS.cs:134)

2020-01-24 10:31:32.7460 [ERROR] NullReferenceException: Object reference not set to an instance of an object
GunFPS.StartPlaying () (at Assets/Scripts/FPS Layer/GunFPS.cs:49)
GunFPS.Fire (UnityEngine.Transform camTransform, PlayerFPS sender) (at Assets/Scripts/FPS Layer/GunFPS.cs:67)
PlayerFPS.BaseUpdate () (at Assets/Scripts/FPS Layer/PlayerFPS.cs:193)
Entity.Update () (at Assets/Scripts/Processing Layer/Entity.cs:77)

2020-01-24 10:31:32.7470 [ERROR] NullReferenceException: Object reference not set to an instance of an object
GunFPS.StopPlaying () (at Assets/Scripts/FPS Layer/GunFPS.cs:55)
GunFPS.LateUpdate () (at Assets/Scripts/FPS Layer/GunFPS.cs:134)

2020-01-24 10:31:32.7809 [ERROR] NullReferenceException: Object reference not set to an instance of an object
GunFPS.StartPlaying () (at Assets/Scripts/FPS Layer/GunFPS.cs:49)
GunFPS.Fire (UnityEngine.Transform camTransform, PlayerFPS sender) (at Assets/Scripts/FPS Layer/GunFPS.cs:67)
PlayerFPS.BaseUpdate () (at Assets/Scripts/FPS Layer/PlayerFPS.cs:193)
Entity.Update () (at Assets/Scripts/Processing Layer/Entity.cs:77)

2020-01-24 10:31:32.7809 [ERROR] NullReferenceException: Object reference not set to an instance of an object
GunFPS.StopPlaying () (at Assets/Scripts/FPS Layer/GunFPS.cs:55)
GunFPS.LateUpdate () (at Assets/Scripts/FPS Layer/GunFPS.cs:134)

2020-01-24 10:31:32.8128 [ERROR] NullReferenceException: Object reference not set to an instance of an object
GunFPS.StartPlaying () (at Assets/Scripts/FPS Layer/GunFPS.cs:49)
GunFPS.Fire (UnityEngine.Transform camTransform, PlayerFPS sender) (at Assets/Scripts/FPS Layer/GunFPS.cs:67)
PlayerFPS.BaseUpdate () (at Assets/Scripts/FPS Layer/PlayerFPS.cs:193)
Entity.Update () (at Assets/Scripts/Processing Layer/Entity.cs:77)

2020-01-24 10:31:32.8128 [ERROR] NullReferenceException: Object reference not set to an instance of an object
GunFPS.StopPlaying () (at Assets/Scripts/FPS Layer/GunFPS.cs:55)
GunFPS.LateUpdate () (at Assets/Scripts/FPS Layer/GunFPS.cs:134)

2020-01-24 10:31:32.8467 [ERROR] NullReferenceException: Object reference not set to an instance of an object
GunFPS.StartPlaying () (at Assets/Scripts/FPS Layer/GunFPS.cs:49)
GunFPS.Fire (UnityEngine.Transform camTransform, PlayerFPS sender) (at Assets/Scripts/FPS Layer/GunFPS.cs:67)
PlayerFPS.BaseUpdate () (at Assets/Scripts/FPS Layer/PlayerFPS.cs:193)
Entity.Update () (at Assets/Scripts/Processing Layer/Entity.cs:77)

2020-01-24 10:31:32.8477 [ERROR] NullReferenceException: Object reference not set to an instance of an object
GunFPS.StopPlaying () (at Assets/Scripts/FPS Layer/GunFPS.cs:55)
GunFPS.LateUpdate () (at Assets/Scripts/FPS Layer/GunFPS.cs:134)

2020-01-24 10:31:32.9106 [ERROR] NullReferenceException: Object reference not set to an instance of an object
GunFPS.StartPlaying () (at Assets/Scripts/FPS Layer/GunFPS.cs:49)
GunFPS.Fire (UnityEngine.Transform camTransform, PlayerFPS sender) (at Assets/Scripts/FPS Layer/GunFPS.cs:67)
PlayerFPS.BaseUpdate () (at Assets/Scripts/FPS Layer/PlayerFPS.cs:193)
Entity.Update () (at Assets/Scripts/Processing Layer/Entity.cs:77)

2020-01-24 10:31:32.9115 [ERROR] NullReferenceException: Object reference not set to an instance of an object
GunFPS.StopPlaying () (at Assets/Scripts/FPS Layer/GunFPS.cs:55)
GunFPS.LateUpdate () (at Assets/Scripts/FPS Layer/GunFPS.cs:134)

2020-01-24 10:31:32.9455 [ERROR] NullReferenceException: Object reference not set to an instance of an object
GunFPS.StartPlaying () (at Assets/Scripts/FPS Layer/GunFPS.cs:49)
GunFPS.Fire (UnityEngine.Transform camTransform, PlayerFPS sender) (at Assets/Scripts/FPS Layer/GunFPS.cs:67)
PlayerFPS.BaseUpdate () (at Assets/Scripts/FPS Layer/PlayerFPS.cs:193)
Entity.Update () (at Assets/Scripts/Processing Layer/Entity.cs:77)

2020-01-24 10:31:32.9465 [ERROR] NullReferenceException: Object reference not set to an instance of an object
GunFPS.StopPlaying () (at Assets/Scripts/FPS Layer/GunFPS.cs:55)
GunFPS.LateUpdate () (at Assets/Scripts/FPS Layer/GunFPS.cs:134)

2020-01-24 10:31:32.9784 [ERROR] NullReferenceException: Object reference not set to an instance of an object
GunFPS.StartPlaying () (at Assets/Scripts/FPS Layer/GunFPS.cs:49)
GunFPS.Fire (UnityEngine.Transform camTransform, PlayerFPS sender) (at Assets/Scripts/FPS Layer/GunFPS.cs:67)
PlayerFPS.BaseUpdate () (at Assets/Scripts/FPS Layer/PlayerFPS.cs:193)
Entity.Update () (at Assets/Scripts/Processing Layer/Entity.cs:77)

2020-01-24 10:31:32.9794 [ERROR] NullReferenceException: Object reference not set to an instance of an object
GunFPS.StopPlaying () (at Assets/Scripts/FPS Layer/GunFPS.cs:55)
GunFPS.LateUpdate () (at Assets/Scripts/FPS Layer/GunFPS.cs:134)

2020-01-24 10:31:33.0133 [ERROR] NullReferenceException: Object reference not set to an instance of an object
GunFPS.StartPlaying () (at Assets/Scripts/FPS Layer/GunFPS.cs:49)
GunFPS.Fire (UnityEngine.Transform camTransform, PlayerFPS sender) (at Assets/Scripts/FPS Layer/GunFPS.cs:67)
PlayerFPS.BaseUpdate () (at Assets/Scripts/FPS Layer/PlayerFPS.cs:193)
Entity.Update () (at Assets/Scripts/Processing Layer/Entity.cs:77)

2020-01-24 10:31:33.0143 [ERROR] NullReferenceException: Object reference not set to an instance of an object
GunFPS.StopPlaying () (at Assets/Scripts/FPS Layer/GunFPS.cs:55)
GunFPS.LateUpdate () (at Assets/Scripts/FPS Layer/GunFPS.cs:134)

2020-01-24 10:31:33.0452 [ERROR] NullReferenceException: Object reference not set to an instance of an object
GunFPS.StartPlaying () (at Assets/Scripts/FPS Layer/GunFPS.cs:49)
GunFPS.Fire (UnityEngine.Transform camTransform, PlayerFPS sender) (at Assets/Scripts/FPS Layer/GunFPS.cs:67)
PlayerFPS.BaseUpdate () (at Assets/Scripts/FPS Layer/PlayerFPS.cs:193)
Entity.Update () (at Assets/Scripts/Processing Layer/Entity.cs:77)

2020-01-24 10:31:33.0462 [ERROR] NullReferenceException: Object reference not set to an instance of an object
GunFPS.StopPlaying () (at Assets/Scripts/FPS Layer/GunFPS.cs:55)
GunFPS.LateUpdate () (at Assets/Scripts/FPS Layer/GunFPS.cs:134)

2020-01-24 10:31:33.0811 [ERROR] NullReferenceException: Object reference not set to an instance of an object
GunFPS.StartPlaying () (at Assets/Scripts/FPS Layer/GunFPS.cs:49)
GunFPS.Fire (UnityEngine.Transform camTransform, PlayerFPS sender) (at Assets/Scripts/FPS Layer/GunFPS.cs:67)
PlayerFPS.BaseUpdate () (at Assets/Scripts/FPS Layer/PlayerFPS.cs:193)
Entity.Update () (at Assets/Scripts/Processing Layer/Entity.cs:77)

2020-01-24 10:31:33.0821 [ERROR] NullReferenceException: Object reference not set to an instance of an object
GunFPS.StopPlaying () (at Assets/Scripts/FPS Layer/GunFPS.cs:55)
GunFPS.LateUpdate () (at Assets/Scripts/FPS Layer/GunFPS.cs:134)

2020-01-24 10:31:33.1449 [ERROR] NullReferenceException: Object reference not set to an instance of an object
GunFPS.StartPlaying () (at Assets/Scripts/FPS Layer/GunFPS.cs:49)
GunFPS.Fire (UnityEngine.Transform camTransform, PlayerFPS sender) (at Assets/Scripts/FPS Layer/GunFPS.cs:67)
PlayerFPS.BaseUpdate () (at Assets/Scripts/FPS Layer/PlayerFPS.cs:193)
Entity.Update () (at Assets/Scripts/Processing Layer/Entity.cs:77)

2020-01-24 10:31:33.1460 [ERROR] NullReferenceException: Object reference not set to an instance of an object
GunFPS.StopPlaying () (at Assets/Scripts/FPS Layer/GunFPS.cs:55)
GunFPS.LateUpdate () (at Assets/Scripts/FPS Layer/GunFPS.cs:134)

2020-01-24 10:31:33.1808 [ERROR] NullReferenceException: Object reference not set to an instance of an object
GunFPS.StartPlaying () (at Assets/Scripts/FPS Layer/GunFPS.cs:49)
GunFPS.Fire (UnityEngine.Transform camTransform, PlayerFPS sender) (at Assets/Scripts/FPS Layer/GunFPS.cs:67)
PlayerFPS.BaseUpdate () (at Assets/Scripts/FPS Layer/PlayerFPS.cs:193)
Entity.Update () (at Assets/Scripts/Processing Layer/Entity.cs:77)

2020-01-24 10:31:33.1818 [ERROR] NullReferenceException: Object reference not set to an instance of an object
GunFPS.StopPlaying () (at Assets/Scripts/FPS Layer/GunFPS.cs:55)
GunFPS.LateUpdate () (at Assets/Scripts/FPS Layer/GunFPS.cs:134)

2020-01-24 10:31:33.2137 [ERROR] NullReferenceException: Object reference not set to an instance of an object
GunFPS.StartPlaying () (at Assets/Scripts/FPS Layer/GunFPS.cs:49)
GunFPS.Fire (UnityEngine.Transform camTransform, PlayerFPS sender) (at Assets/Scripts/FPS Layer/GunFPS.cs:67)
PlayerFPS.BaseUpdate () (at Assets/Scripts/FPS Layer/PlayerFPS.cs:193)
Entity.Update () (at Assets/Scripts/Processing Layer/Entity.cs:77)

2020-01-24 10:31:33.2137 [ERROR] NullReferenceException: Object reference not set to an instance of an object
GunFPS.StopPlaying () (at Assets/Scripts/FPS Layer/GunFPS.cs:55)
GunFPS.LateUpdate () (at Assets/Scripts/FPS Layer/GunFPS.cs:134)

2020-01-24 10:31:33.5503 [ERROR] NullReferenceException: Object reference not set to an instance of an object
GunFPS.StartPlaying () (at Assets/Scripts/FPS Layer/GunFPS.cs:49)
GunFPS.Fire (UnityEngine.Transform camTransform, PlayerFPS sender) (at Assets/Scripts/FPS Layer/GunFPS.cs:67)
PlayerFPS.BaseUpdate () (at Assets/Scripts/FPS Layer/PlayerFPS.cs:193)
Entity.Update () (at Assets/Scripts/Processing Layer/Entity.cs:77)

2020-01-24 10:31:33.5503 [ERROR] NullReferenceException: Object reference not set to an instance of an object
GunFPS.StopPlaying () (at Assets/Scripts/FPS Layer/GunFPS.cs:55)
GunFPS.LateUpdate () (at Assets/Scripts/FPS Layer/GunFPS.cs:134)

2020-01-24 10:31:33.5783 [ERROR] NullReferenceException: Object reference not set to an instance of an object
GunFPS.StartPlaying () (at Assets/Scripts/FPS Layer/GunFPS.cs:49)
GunFPS.Fire (UnityEngine.Transform camTransform, PlayerFPS sender) (at Assets/Scripts/FPS Layer/GunFPS.cs:67)
PlayerFPS.BaseUpdate () (at Assets/Scripts/FPS Layer/PlayerFPS.cs:193)
Entity.Update () (at Assets/Scripts/Processing Layer/Entity.cs:77)

2020-01-24 10:31:33.5793 [ERROR] NullReferenceException: Object reference not set to an instance of an object
GunFPS.StopPlaying () (at Assets/Scripts/FPS Layer/GunFPS.cs:55)
GunFPS.LateUpdate () (at Assets/Scripts/FPS Layer/GunFPS.cs:134)

2020-01-24 10:31:33.6142 [ERROR] NullReferenceException: Object reference not set to an instance of an object
GunFPS.StartPlaying () (at Assets/Scripts/FPS Layer/GunFPS.cs:49)
GunFPS.Fire (UnityEngine.Transform camTransform, PlayerFPS sender) (at Assets/Scripts/FPS Layer/GunFPS.cs:67)
PlayerFPS.BaseUpdate () (at Assets/Scripts/FPS Layer/PlayerFPS.cs:193)
Entity.Update () (at Assets/Scripts/Processing Layer/Entity.cs:77)

2020-01-24 10:31:33.6152 [ERROR] NullReferenceException: Object reference not set to an instance of an object
GunFPS.StopPlaying () (at Assets/Scripts/FPS Layer/GunFPS.cs:55)
GunFPS.LateUpdate () (at Assets/Scripts/FPS Layer/GunFPS.cs:134)

2020-01-24 10:31:33.6521 [ERROR] NullReferenceException: Object reference not set to an instance of an object
GunFPS.StartPlaying () (at Assets/Scripts/FPS Layer/GunFPS.cs:49)
GunFPS.Fire (UnityEngine.Transform camTransform, PlayerFPS sender) (at Assets/Scripts/FPS Layer/GunFPS.cs:67)
PlayerFPS.BaseUpdate () (at Assets/Scripts/FPS Layer/PlayerFPS.cs:193)
Entity.Update () (at Assets/Scripts/Processing Layer/Entity.cs:77)

2020-01-24 10:31:33.6541 [ERROR] NullReferenceException: Object reference not set to an instance of an object
GunFPS.StopPlaying () (at Assets/Scripts/FPS Layer/GunFPS.cs:55)
GunFPS.LateUpdate () (at Assets/Scripts/FPS Layer/GunFPS.cs:134)

2020-01-24 10:31:33.6790 [ERROR] NullReferenceException: Object reference not set to an instance of an object
GunFPS.StartPlaying () (at Assets/Scripts/FPS Layer/GunFPS.cs:49)
GunFPS.Fire (UnityEngine.Transform camTransform, PlayerFPS sender) (at Assets/Scripts/FPS Layer/GunFPS.cs:67)
PlayerFPS.BaseUpdate () (at Assets/Scripts/FPS Layer/PlayerFPS.cs:193)
Entity.Update () (at Assets/Scripts/Processing Layer/Entity.cs:77)

2020-01-24 10:31:33.6801 [ERROR] NullReferenceException: Object reference not set to an instance of an object
GunFPS.StopPlaying () (at Assets/Scripts/FPS Layer/GunFPS.cs:55)
GunFPS.LateUpdate () (at Assets/Scripts/FPS Layer/GunFPS.cs:134)

2020-01-24 10:31:33.7140 [ERROR] NullReferenceException: Object reference not set to an instance of an object
GunFPS.StartPlaying () (at Assets/Scripts/FPS Layer/GunFPS.cs:49)
GunFPS.Fire (UnityEngine.Transform camTransform, PlayerFPS sender) (at Assets/Scripts/FPS Layer/GunFPS.cs:67)
PlayerFPS.BaseUpdate () (at Assets/Scripts/FPS Layer/PlayerFPS.cs:193)
Entity.Update () (at Assets/Scripts/Processing Layer/Entity.cs:77)

2020-01-24 10:31:33.7150 [ERROR] NullReferenceException: Object reference not set to an instance of an object
GunFPS.StopPlaying () (at Assets/Scripts/FPS Layer/GunFPS.cs:55)
GunFPS.LateUpdate () (at Assets/Scripts/FPS Layer/GunFPS.cs:134)

2020-01-24 10:31:33.7469 [ERROR] NullReferenceException: Object reference not set to an instance of an object
GunFPS.StartPlaying () (at Assets/Scripts/FPS Layer/GunFPS.cs:49)
GunFPS.Fire (UnityEngine.Transform camTransform, PlayerFPS sender) (at Assets/Scripts/FPS Layer/GunFPS.cs:67)
PlayerFPS.BaseUpdate () (at Assets/Scripts/FPS Layer/PlayerFPS.cs:193)
Entity.Update () (at Assets/Scripts/Processing Layer/Entity.cs:77)

2020-01-24 10:31:33.7469 [ERROR] NullReferenceException: Object reference not set to an instance of an object
GunFPS.StopPlaying () (at Assets/Scripts/FPS Layer/GunFPS.cs:55)
GunFPS.LateUpdate () (at Assets/Scripts/FPS Layer/GunFPS.cs:134)

2020-01-24 10:31:36.8603 [DEBUG] Play mode: False
2020-01-24 10:31:55.2432 [DEBUG] Scene Fusion version 1.8.6-0
2020-01-24 10:31:59.8107 [DEBUG] Scene Fusion version 1.8.6-0
2020-01-24 10:31:59.9743 [DEBUG] Play mode: True, sync in play mode: False
2020-01-24 10:32:35.4856 [DEBUG] Play mode: False
2020-01-24 10:40:17.5335 [DEBUG] Scene Fusion version 1.8.6-0
2020-01-24 10:44:17.4415 [DEBUG] Scene Fusion version 1.8.6-0
2020-01-24 10:44:17.7254 [DEBUG] Play mode: True, sync in play mode: False
2020-01-24 10:44:26.0863 [DEBUG] Play mode: False
2020-01-24 10:46:29.1097 [DEBUG] Scene Fusion version 1.8.6-0
2020-01-24 10:46:34.6794 [DEBUG] Scene Fusion version 1.8.6-0
2020-01-24 10:46:34.8355 [DEBUG] Play mode: True, sync in play mode: False
2020-01-24 10:46:44.0034 [DEBUG] Play mode: False
2020-01-24 10:46:49.7592 [DEBUG] Scene Fusion version 1.8.6-0
2020-01-24 10:46:49.9685 [DEBUG] Play mode: True, sync in play mode: False
2020-01-24 10:47:01.2950 [DEBUG] Play mode: False
2020-01-24 10:47:05.5402 [DEBUG] Scene Fusion version 1.8.6-0
2020-01-24 10:47:05.7406 [DEBUG] Play mode: True, sync in play mode: False
2020-01-24 10:47:19.6976 [DEBUG] Play mode: False
2020-01-24 10:47:45.4924 [DEBUG] Scene Fusion version 1.8.6-0
2020-01-24 10:47:45.7018 [DEBUG] Play mode: True, sync in play mode: False
2020-01-24 10:48:01.8578 [DEBUG] Play mode: False
2020-01-24 10:48:05.6316 [DEBUG] Scene Fusion version 1.8.6-0
2020-01-24 10:48:05.9064 [DEBUG] Play mode: True, sync in play mode: False
2020-01-24 10:48:28.8399 [DEBUG] Play mode: False
2020-01-24 10:48:45.0181 [DEBUG] Scene Fusion version 1.8.6-0
2020-01-24 10:48:45.2125 [DEBUG] Play mode: True, sync in play mode: False
2020-01-24 10:49:21.5079 [DEBUG] Play mode: False
2020-01-24 10:51:19.4104 [DEBUG] Scene Fusion version 1.8.6-0
2020-01-24 10:51:23.9402 [DEBUG] Scene Fusion version 1.8.6-0
2020-01-24 10:51:24.0818 [DEBUG] Play mode: True, sync in play mode: False
2020-01-24 10:51:35.8203 [DEBUG] Play mode: False
2020-01-24 10:52:08.4520 [DEBUG] Scene Fusion version 1.8.6-0
2020-01-24 10:52:14.8769 [DEBUG] Scene Fusion version 1.8.6-0
2020-01-24 10:52:15.0325 [DEBUG] Play mode: True, sync in play mode: False
2020-01-24 10:52:20.0395 [DEBUG] Play mode: False
2020-01-24 10:52:37.1144 [DEBUG] Scene Fusion version 1.8.6-0
2020-01-24 10:52:41.4372 [DEBUG] Scene Fusion version 1.8.6-0
2020-01-24 10:52:41.5801 [DEBUG] Play mode: True, sync in play mode: False
2020-01-24 10:52:51.2961 [DEBUG] Play mode: False
2020-01-24 10:53:29.2414 [DEBUG] Scene Fusion version 1.8.6-0
2020-01-24 10:53:34.2960 [DEBUG] Scene Fusion version 1.8.6-0
2020-01-24 10:53:34.4551 [DEBUG] Play mode: True, sync in play mode: False
2020-01-24 10:53:51.6196 [DEBUG] Play mode: False
=======
>>>>>>> Stashed changes
