<<<<<<< Updated upstream
2020-01-20 20:47:41.4100 [DEBUG] Scene Fusion version 1.8.5-1
2020-01-20 20:47:46.2941 [DEBUG] Scene Fusion: A new version of Scene Fusion is available.
Current Version: 1.8.5
Latest Version: 1.8.6
2020-01-20 22:00:10.2451 [DEBUG] Scene Fusion version 1.8.5-1
2020-01-20 22:01:57.4823 [DEBUG] Scene Fusion version 1.8.5-1
2020-01-20 23:01:38.6058 [DEBUG] Scene Fusion version 1.8.5-1
=======
2020-01-20 00:06:01.1756 [DEBUG] Scene Fusion version 1.8.5-1
2020-01-20 00:06:05.3486 [DEBUG] Scene Fusion: A new version of Scene Fusion is available.
Current Version: 1.8.5
Latest Version: 1.8.6
2020-01-20 21:31:49.8783 [DEBUG] Scene Fusion version 1.8.5-1
2020-01-20 21:31:56.2574 [DEBUG] Scene Fusion: A new version of Scene Fusion is available.
Current Version: 1.8.5
Latest Version: 1.8.6
2020-01-20 21:32:40.9417 [DEBUG] Scene Fusion version 1.8.5-1
2020-01-20 21:32:54.4744 [DEBUG] Scene Fusion version 1.8.5-1
2020-01-20 21:33:09.1794 [DEBUG] Scene Fusion version 1.8.5-1
2020-01-20 21:33:31.3781 [DEBUG] Scene Fusion version 1.8.5-1
2020-01-20 21:33:49.4005 [DEBUG] Scene Fusion version 1.8.5-1
2020-01-20 21:34:03.3408 [DEBUG] Scene Fusion version 1.8.5-1
2020-01-20 21:34:24.7091 [DEBUG] Scene Fusion version 1.8.5-1
>>>>>>> Stashed changes
