2020-01-23 09:43:04.4781 [DEBUG] Scene Fusion version 1.8.6-0
2020-01-23 09:43:53.0259 [DEBUG] Scene Fusion version 1.8.6-0
2020-01-23 09:43:53.6529 [DEBUG] Play mode: True, sync in play mode: True
2020-01-23 09:44:05.4427 [ERROR] NullReferenceException: Object reference not set to an instance of an object
ResourceManager.QueueFinished (UnityEngine.Transform home, EntityType type, UnityEngine.Vector3 rally) (at Assets/Scripts/RTS Layer/ResourceManager.cs:219)
Barracks.BaseUpdate () (at Assets/Scripts/Processing Layer/Selectables/Barracks.cs:68)
Entity.Update () (at Assets/Scripts/Processing Layer/Entity.cs:78)

2020-01-23 09:44:15.9124 [ERROR] NullReferenceException: Object reference not set to an instance of an object
ResourceManager.QueueFinished (UnityEngine.Transform home, EntityType type, UnityEngine.Vector3 rally) (at Assets/Scripts/RTS Layer/ResourceManager.cs:219)
Barracks.BaseUpdate () (at Assets/Scripts/Processing Layer/Selectables/Barracks.cs:68)
Entity.Update () (at Assets/Scripts/Processing Layer/Entity.cs:78)

2020-01-23 09:44:20.9307 [ERROR] NullReferenceException: Object reference not set to an instance of an object
ResourceManager.QueueFinished (UnityEngine.Transform home, EntityType type, UnityEngine.Vector3 rally) (at Assets/Scripts/RTS Layer/ResourceManager.cs:219)
Barracks.BaseUpdate () (at Assets/Scripts/Processing Layer/Selectables/Barracks.cs:68)
Entity.Update () (at Assets/Scripts/Processing Layer/Entity.cs:78)

2020-01-23 09:45:16.0917 [DEBUG] Play mode: False
2020-01-23 09:45:21.1986 [DEBUG] Scene Fusion version 1.8.6-0
2020-01-23 09:45:21.3802 [DEBUG] Play mode: True, sync in play mode: True
2020-01-23 09:45:53.1181 [DEBUG] Play mode: False
2020-01-23 09:47:16.8804 [DEBUG] Scene Fusion version 1.8.6-0
2020-01-23 09:47:17.0255 [DEBUG] Play mode: True, sync in play mode: True
2020-01-23 09:47:43.1839 [DEBUG] Play mode: False
2020-01-23 09:48:01.4393 [DEBUG] Scene Fusion version 1.8.6-0
2020-01-23 09:48:05.2768 [DEBUG] Scene Fusion version 1.8.6-0
2020-01-23 09:48:05.4051 [DEBUG] Play mode: True, sync in play mode: True
2020-01-23 09:48:11.8835 [DEBUG] Play mode: False
2020-01-23 09:48:21.4504 [DEBUG] Scene Fusion version 1.8.6-0
2020-01-23 09:48:26.0551 [DEBUG] Scene Fusion version 1.8.6-0
2020-01-23 09:48:26.1688 [DEBUG] Play mode: True, sync in play mode: True
2020-01-23 09:48:31.3488 [DEBUG] Play mode: False
2020-01-23 09:49:33.6981 [DEBUG] Scene Fusion version 1.8.6-0
2020-01-23 09:49:44.6221 [DEBUG] Scene Fusion version 1.8.6-0
2020-01-23 09:49:44.7889 [DEBUG] Play mode: True, sync in play mode: True
2020-01-23 09:50:17.8236 [DEBUG] Play mode: False
